<?xml version="1.0" encoding="utf-8"?><testsuites name="pytest tests"><testsuite name="pytest" errors="0" failures="0" skipped="0" tests="34" time="72.393" timestamp="2026-04-30T18:14:13.017864+00:00" hostname="agent-env-71a126e7-ebd7-4add-81d0-147a3aeb2fff"><testcase classname="tests.test_email_queue" name="test_quota_detection" time="0.262" /><testcase classname="tests.test_email_queue" name="test_backoff_progression" time="0.000" /><testcase classname="tests.test_email_queue" name="test_send_or_queue_success_path" time="0.024" /><testcase classname="tests.test_email_queue" name="test_send_or_queue_quota_deferred" time="0.002" /><testcase classname="tests.test_email_queue" name="test_send_or_queue_transient_failure" time="0.001" /><testcase classname="tests.test_email_queue" name="test_process_queue_retries_and_sends" time="0.002" /><testcase classname="tests.test_email_queue" name="test_process_queue_skips_future_retries" time="0.002" /><testcase classname="tests.test_email_queue" name="test_give_up_after_5_non_quota_failures" time="0.002" /><testcase classname="tests.test_email_queue" name="test_admin_email_queue_requires_admin" time="0.501" /><testcase classname="tests.test_email_queue" name="test_admin_email_queue_blocked_for_coach" time="0.404" /><testcase classname="tests.test_email_queue" name="test_admin_process_queue_manually" time="0.163" /><testcase classname="tests.test_email_queue" name="test_admin_retry_unknown_returns_404" time="0.126" /><testcase classname="tests.test_finish_match" name="test_finish_400_when_no_manual_result" time="0.440" /><testcase classname="tests.test_finish_match" name="test_finish_happy_path_locks_and_generates_recap" time="6.327" /><testcase classname="tests.test_finish_match" name="test_finish_409_on_second_call" time="6.494" /><testcase classname="tests.test_finish_match" name="test_unlock_clears_is_final_keeps_recap" time="12.506" /><testcase classname="tests.test_finish_match" name="test_finish_404_unknown_match" time="0.117" /><testcase classname="tests.test_finish_match" name="test_finish_requires_auth" time="0.108" /><testcase classname="tests.test_finish_match" name="test_deterministic_recap_format" time="0.301" /><testcase classname="tests.test_finish_match" name="test_recap_prompt_includes_events_and_notes" time="0.000" /><testcase classname="tests.test_share_recap" name="test_share_recap_400_when_no_summary" time="0.384" /><testcase classname="tests.test_share_recap" name="test_share_recap_toggles" time="6.715" /><testcase classname="tests.test_share_recap" name="test_share_recap_404_unknown_match" time="0.116" /><testcase classname="tests.test_share_recap" name="test_og_match_recap_html_unfurls_with_proper_meta_tags" time="4.528" /><testcase classname="tests.test_share_recap" name="test_og_match_recap_image_returns_png" time="5.829" /><testcase classname="tests.test_share_recap" name="test_public_recap_endpoint_returns_full_payload" time="5.098" /><testcase classname="tests.test_share_recap" name="test_public_recap_404_after_revoke" time="7.663" /><testcase classname="tests.test_share_recap" name="test_render_match_recap_card_handles_long_summary" time="0.159" /><testcase classname="tests.test_game_of_the_week" name="test_gotw_set_admin_only" time="0.758" /><testcase classname="tests.test_game_of_the_week" name="test_gotw_set_400_missing_token" time="0.113" /><testcase classname="tests.test_game_of_the_week" name="test_gotw_set_404_invalid_token" time="0.122" /><testcase classname="tests.test_game_of_the_week" name="test_gotw_full_lifecycle" time="12.847" /><testcase classname="tests.test_game_of_the_week" name="test_gotw_auto_expires_after_7_days" time="0.122" /><testcase classname="tests.test_game_of_the_week" name="test_gotw_public_feed_requires_no_auth" time="0.117" /></testsuite></testsuites>