<?xml version="1.0" encoding="utf-8"?><testsuites name="pytest tests"><testsuite name="pytest" errors="0" failures="0" skipped="0" tests="35" time="17.464" timestamp="2026-04-29T22:41:17.147024+00:00" hostname="agent-env-71a126e7-ebd7-4add-81d0-147a3aeb2fff"><testcase classname="backend.tests.test_regression_sweep.TestClipTaggingAndProfile" name="test_patch_clip_player_ids_and_appears_in_profile" time="0.697" /><testcase classname="backend.tests.test_regression_sweep.TestClipTaggingAndProfile" name="test_patch_clip_unknown_id_returns_404" time="0.161" /><testcase classname="backend.tests.test_regression_sweep.TestClipTaggingAndProfile" name="test_profile_requires_auth" time="0.099" /><testcase classname="backend.tests.test_regression_sweep.TestPlayerShare" name="test_player_share_toggle_and_public_sanitized" time="0.334" /><testcase classname="backend.tests.test_regression_sweep.TestPlayerShare" name="test_shared_player_bad_token" time="0.102" /><testcase classname="backend.tests.test_regression_sweep.TestTeamShare" name="test_team_share_toggle_and_public_sanitized" time="0.351" /><testcase classname="backend.tests.test_regression_sweep.TestTeamShare" name="test_shared_team_bad_token" time="0.103" /><testcase classname="backend.tests.test_regression_sweep.TestMultiTeam" name="test_add_player_to_additional_team_other_season_ok" time="0.374" /><testcase classname="backend.tests.test_regression_sweep.TestMultiTeam" name="test_season_cap_enforced_on_add" time="1.020" /><testcase classname="backend.tests.test_regression_sweep.TestMultiTeam" name="test_delete_player_from_team_keeps_record" time="0.898" /><testcase classname="backend.tests.test_regression_sweep.TestMultiTeam" name="test_eligible_players_endpoint_and_at_cap_flag" time="1.190" /><testcase classname="backend.tests.test_regression_sweep.TestPromote" name="test_promote_clones_team_and_appends_team_id_to_roster" time="1.168" /><testcase classname="backend.tests.test_regression_sweep.TestPromote" name="test_promote_same_season_rejected" time="0.420" /><testcase classname="backend.tests.test_regression_sweep.TestClipCollections" name="test_create_list_share_and_delete" time="0.545" /><testcase classname="backend.tests.test_regression_sweep.TestClipCollections" name="test_create_with_unknown_clip_ids_returns_400" time="0.102" /><testcase classname="backend.tests.test_regression_sweep.TestOGEndpoints" name="test_og_player_html_and_image" time="0.767" /><testcase classname="backend.tests.test_regression_sweep.TestOGEndpoints" name="test_og_team_html_and_image" time="5.989" /><testcase classname="backend.tests.test_regression_sweep.TestOGEndpoints" name="test_og_clip_collection_html_and_image" time="0.485" /><testcase classname="backend.tests.test_regression_sweep.TestOGEndpoints" name="test_og_clip_html_and_image" time="0.521" /><testcase classname="backend.tests.test_regression_sweep.TestOGEndpoints" name="test_og_folder_bad_token_404" time="0.105" /><testcase classname="backend.tests.test_regression_sweep.TestOGEndpoints" name="test_og_clip_bad_token_404" time="0.101" /><testcase classname="backend.tests.test_regression_sweep.TestOGEndpoints" name="test_og_team_bad_token_404" time="0.106" /><testcase classname="backend.tests.test_regression_sweep.TestOGEndpoints" name="test_og_clip_collection_bad_token_404" time="0.113" /><testcase classname="backend.tests.test_video_routes.TestVideoAccessToken" name="test_access_token_requires_auth" time="0.120" /><testcase classname="backend.tests.test_video_routes.TestVideoAccessToken" name="test_access_token_404_for_unknown_video" time="0.108" /><testcase classname="backend.tests.test_video_routes.TestVideoAccessToken" name="test_access_token_returns_valid_jwt" time="0.102" /><testcase classname="backend.tests.test_video_routes.TestVideoMetadata" name="test_metadata_requires_auth" time="0.118" /><testcase classname="backend.tests.test_video_routes.TestVideoMetadata" name="test_metadata_404_unknown" time="0.103" /><testcase classname="backend.tests.test_video_routes.TestVideoMetadata" name="test_metadata_schema_and_no_large_fields" time="0.119" /><testcase classname="backend.tests.test_video_routes.TestVideoMetadata" name="test_metadata_includes_chunk_integrity_when_chunked" time="0.107" /><testcase classname="backend.tests.test_video_routes.TestVideoProcessingStatus" name="test_processing_status_requires_auth" time="0.119" /><testcase classname="backend.tests.test_video_routes.TestVideoProcessingStatus" name="test_processing_status_404_unknown" time="0.169" /><testcase classname="backend.tests.test_video_routes.TestVideoProcessingStatus" name="test_processing_status_payload_shape" time="0.139" /><testcase classname="backend.tests.test_video_routes.TestVideoProcessingStatus" name="test_processing_status_reflects_completed_analyses" time="0.105" /><testcase classname="backend.tests.test_video_routes.TestNoDuplicateRoute" name="test_no_410_gone" time="0.354" /></testsuite></testsuites>