<?xml version="1.0" encoding="utf-8"?><testsuites name="pytest tests"><testsuite name="pytest" errors="0" failures="0" skipped="3" tests="106" time="102.240" timestamp="2026-04-30T03:23:26.022594+00:00" hostname="agent-env-71a126e7-ebd7-4add-81d0-147a3aeb2fff"><testcase classname="tests.test_annotation_templates.TestSeedAndList" name="test_first_call_seeds_10_defaults" time="0.679" /><testcase classname="tests.test_annotation_templates.TestSeedAndList" name="test_seed_distribution" time="0.124" /><testcase classname="tests.test_annotation_templates.TestSeedAndList" name="test_filter_by_tactical" time="0.118" /><testcase classname="tests.test_annotation_templates.TestSeedAndList" name="test_filter_invalid_type_returns_400" time="0.132" /><testcase classname="tests.test_annotation_templates.TestSeedAndList" name="test_sort_usage_desc_then_created_asc" time="0.139" /><testcase classname="tests.test_annotation_templates.TestAuth" name="test_get_no_token_returns_401" time="0.123" /><testcase classname="tests.test_annotation_templates.TestAuth" name="test_get_invalid_token_returns_401" time="0.150" /><testcase classname="tests.test_annotation_templates.TestAuth" name="test_post_no_token_returns_401" time="0.126" /><testcase classname="tests.test_annotation_templates.TestAuth" name="test_delete_no_token_returns_401" time="0.127" /><testcase classname="tests.test_annotation_templates.TestAuth" name="test_use_no_token_returns_401" time="0.161" /><testcase classname="tests.test_annotation_templates.TestCreateUseDelete" name="test_create_new_template" time="0.251" /><testcase classname="tests.test_annotation_templates.TestCreateUseDelete" name="test_create_duplicate_returns_existing" time="0.451" /><testcase classname="tests.test_annotation_templates.TestCreateUseDelete" name="test_create_invalid_type_returns_400" time="0.145" /><testcase classname="tests.test_annotation_templates.TestCreateUseDelete" name="test_use_increments_and_floats_to_top" time="0.882" /><testcase classname="tests.test_annotation_templates.TestCreateUseDelete" name="test_delete_removes_template" time="0.408" /><testcase classname="tests.test_annotation_templates.TestCreateUseDelete" name="test_delete_unknown_returns_404" time="0.174" /><testcase classname="tests.test_annotation_templates.TestCreateUseDelete" name="test_use_unknown_returns_404" time="0.134" /><testcase classname="tests.test_annotation_templates.TestIsolation" name="test_user_b_cannot_see_user_a_template" time="1.034" /><testcase classname="tests.test_coach_pulse.TestSubscription" name="test_get_subscription_auto_creates" time="0.132" /><testcase classname="tests.test_coach_pulse.TestSubscription" name="test_get_subscription_requires_auth" time="0.137" /><testcase classname="tests.test_coach_pulse.TestSubscription" name="test_subscribe_sets_active" time="0.310" /><testcase classname="tests.test_coach_pulse.TestSubscription" name="test_unsubscribe_sets_inactive" time="0.257" /><testcase classname="tests.test_coach_pulse.TestSubscription" name="test_subscribe_requires_auth" time="0.134" /><testcase classname="tests.test_coach_pulse.TestSubscription" name="test_unsubscribe_requires_auth" time="0.128" /><testcase classname="tests.test_coach_pulse.TestPreview" name="test_preview_returns_html" time="0.145" /><testcase classname="tests.test_coach_pulse.TestPreview" name="test_preview_requires_auth" time="0.148" /><testcase classname="tests.test_coach_pulse.TestPublicUnsubscribe" name="test_invalid_token_returns_expired_html" time="0.161" /><testcase classname="tests.test_coach_pulse.TestPublicUnsubscribe" name="test_valid_token_unsubscribes" time="0.289" /><testcase classname="tests.test_coach_pulse.TestSendTest" name="test_send_test_requires_auth" time="0.148" /><testcase classname="tests.test_coach_pulse.TestSendTest" name="test_send_test_graceful" time="0.393" /><testcase classname="tests.test_coach_pulse.TestSendWeekly" name="test_send_weekly_requires_auth" time="0.125" /><testcase classname="tests.test_coach_pulse.TestSendWeekly" name="test_send_weekly_admin_gate" time="0.264" /><testcase classname="tests.test_coach_pulse.TestEmailTemplate" name="test_render_network_not_ready" time="0.002" /><testcase classname="tests.test_coach_pulse.TestEmailTemplate" name="test_render_network_ready" time="0.000" /><testcase classname="tests.test_push_notifications.TestVapidKey" name="test_vapid_key_no_auth_required" time="0.131" /><testcase classname="tests.test_push_notifications.TestAuthGating" name="test_requires_auth[post-/api/push/subscribe-body0]" time="0.133" /><testcase classname="tests.test_push_notifications.TestAuthGating" name="test_requires_auth[post-/api/push/unsubscribe-body1]" time="0.130" /><testcase classname="tests.test_push_notifications.TestAuthGating" name="test_requires_auth[get-/api/push/subscriptions-None]" time="0.126" /><testcase classname="tests.test_push_notifications.TestAuthGating" name="test_requires_auth[post-/api/push/send-test-None]" time="0.144" /><testcase classname="tests.test_push_notifications.TestPushCRUD" name="test_subscribe_upsert_idempotent" time="0.374" /><testcase classname="tests.test_push_notifications.TestPushCRUD" name="test_unsubscribe_missing_endpoint_returns_422" time="0.060" /><testcase classname="tests.test_push_notifications.TestPushCRUD" name="test_unsubscribe_unknown_endpoint_deletes_zero" time="0.059" /><testcase classname="tests.test_push_notifications.TestPushCRUD" name="test_subscriptions_count_returns_configured" time="0.060" /><testcase classname="tests.test_push_notifications.TestPushCRUD" name="test_send_test_with_fake_endpoint_does_not_crash" time="0.179" /><testcase classname="tests.test_push_notifications.TestCrossUserIsolation" name="test_unsubscribe_cannot_delete_other_users_sub" time="1.134" /><testcase classname="tests.test_push_notifications.TestServicePruning" name="test_send_to_user_prunes_410_and_increments_removed" time="0.702" /><testcase classname="tests.test_push_notifications.TestServicePruning" name="test_send_to_user_no_subs_returns_zero" time="0.001" /><testcase classname="tests.test_push_notifications.TestHookIntegration" name="test_server_imports_push_router_and_send_to_user" time="0.154" /><testcase classname="tests.test_push_notifications.TestHookIntegration" name="test_shared_clip_route_is_mounted_from_routes_clips" time="0.289" /><testcase classname="tests.test_regression_sweep.TestClipTaggingAndProfile" name="test_patch_clip_player_ids_and_appears_in_profile" time="0.475" /><testcase classname="tests.test_regression_sweep.TestClipTaggingAndProfile" name="test_patch_clip_unknown_id_returns_404" time="0.127" /><testcase classname="tests.test_regression_sweep.TestClipTaggingAndProfile" name="test_profile_requires_auth" time="0.124" /><testcase classname="tests.test_regression_sweep.TestPlayerShare" name="test_player_share_toggle_and_public_sanitized" time="0.734" /><testcase classname="tests.test_regression_sweep.TestPlayerShare" name="test_shared_player_bad_token" time="0.126" /><testcase classname="tests.test_regression_sweep.TestTeamShare" name="test_team_share_toggle_and_public_sanitized" time="0.416" /><testcase classname="tests.test_regression_sweep.TestTeamShare" name="test_shared_team_bad_token" time="0.155" /><testcase classname="tests.test_regression_sweep.TestMultiTeam" name="test_add_player_to_additional_team_other_season_ok" time="0.418" /><testcase classname="tests.test_regression_sweep.TestMultiTeam" name="test_season_cap_enforced_on_add" time="1.320" /><testcase classname="tests.test_regression_sweep.TestMultiTeam" name="test_delete_player_from_team_keeps_record" time="1.193" /><testcase classname="tests.test_regression_sweep.TestMultiTeam" name="test_eligible_players_endpoint_and_at_cap_flag" time="1.471" /><testcase classname="tests.test_regression_sweep.TestPromote" name="test_promote_clones_team_and_appends_team_id_to_roster" time="1.622" /><testcase classname="tests.test_regression_sweep.TestPromote" name="test_promote_same_season_rejected" time="0.399" /><testcase classname="tests.test_regression_sweep.TestClipCollections" name="test_create_list_share_and_delete" time="41.847" /><testcase classname="tests.test_regression_sweep.TestClipCollections" name="test_create_with_unknown_clip_ids_returns_400" time="0.168" /><testcase classname="tests.test_regression_sweep.TestOGEndpoints" name="test_og_player_html_and_image" time="20.528" /><testcase classname="tests.test_regression_sweep.TestOGEndpoints" name="test_og_team_html_and_image" time="0.913" /><testcase classname="tests.test_regression_sweep.TestOGEndpoints" name="test_og_clip_collection_html_and_image" time="0.591" /><testcase classname="tests.test_regression_sweep.TestOGEndpoints" name="test_og_clip_html_and_image" time="0.614" /><testcase classname="tests.test_regression_sweep.TestOGEndpoints" name="test_og_folder_bad_token_404" time="0.141" /><testcase classname="tests.test_regression_sweep.TestOGEndpoints" name="test_og_clip_bad_token_404" time="0.141" /><testcase classname="tests.test_regression_sweep.TestOGEndpoints" name="test_og_team_bad_token_404" time="0.143" /><testcase classname="tests.test_regression_sweep.TestOGEndpoints" name="test_og_clip_collection_bad_token_404" time="0.150" /><testcase classname="tests.test_shared_folders.TestSharedPublic" name="test_get_shared_folder_with_existing_token" time="0.128" /><testcase classname="tests.test_shared_folders.TestSharedPublic" name="test_get_shared_folder_invalid_token" time="0.131" /><testcase classname="tests.test_shared_folders.TestSharedPublic" name="test_get_shared_match_detail" time="0.302" /><testcase classname="tests.test_shared_folders.TestSharedPublic" name="test_get_shared_match_detail_invalid_match" time="0.147" /><testcase classname="tests.test_shared_folders.TestSharedPublic" name="test_get_shared_match_detail_invalid_token" time="0.133" /><testcase classname="tests.test_shared_folders.TestSharedPublic" name="test_shared_video_stream" time="0.823" /><testcase classname="tests.test_shared_folders.TestSharedPublic" name="test_shared_video_invalid_token" time="0.186" /><testcase classname="tests.test_shared_folders.TestShareToggle" name="test_share_private_folder_returns_400" time="0.423" /><testcase classname="tests.test_shared_folders.TestShareToggle" name="test_share_public_folder_generate_then_revoke" time="0.886" /><testcase classname="tests.test_shared_folders.TestShareToggle" name="test_share_nonexistent_folder" time="0.128" /><testcase classname="tests.test_shared_folders.TestShareToggle" name="test_share_requires_auth" time="0.144" /><testcase classname="tests.test_video_routes.TestVideoAccessToken" name="test_access_token_requires_auth" time="0.136" /><testcase classname="tests.test_video_routes.TestVideoAccessToken" name="test_access_token_404_for_unknown_video" time="0.148" /><testcase classname="tests.test_video_routes.TestVideoAccessToken" name="test_access_token_returns_valid_jwt" time="0.143" /><testcase classname="tests.test_video_routes.TestVideoMetadata" name="test_metadata_requires_auth" time="0.127" /><testcase classname="tests.test_video_routes.TestVideoMetadata" name="test_metadata_404_unknown" time="0.159" /><testcase classname="tests.test_video_routes.TestVideoMetadata" name="test_metadata_schema_and_no_large_fields" time="0.139" /><testcase classname="tests.test_video_routes.TestVideoMetadata" name="test_metadata_includes_chunk_integrity_when_chunked" time="0.138" /><testcase classname="tests.test_video_routes.TestVideoProcessingStatus" name="test_processing_status_requires_auth" time="0.144" /><testcase classname="tests.test_video_routes.TestVideoProcessingStatus" name="test_processing_status_404_unknown" time="0.134" /><testcase classname="tests.test_video_routes.TestVideoProcessingStatus" name="test_processing_status_payload_shape" time="0.140" /><testcase classname="tests.test_video_routes.TestVideoProcessingStatus" name="test_processing_status_reflects_completed_analyses" time="0.126" /><testcase classname="tests.test_video_routes.TestNoDuplicateRoute" name="test_no_410_gone" time="0.407" /><testcase classname="tests.test_voice_annotations.TestAuthAndValidation" name="test_post_without_auth_returns_401_or_403" time="0.130" /><testcase classname="tests.test_voice_annotations.TestAuthAndValidation" name="test_nonexistent_video_returns_404" time="0.511" /><testcase classname="tests.test_voice_annotations.TestAuthAndValidation" name="test_cross_user_video_returns_404" time="0.570" /><testcase classname="tests.test_voice_annotations.TestAuthAndValidation" name="test_empty_audio_returns_400" time="0.141" /><testcase classname="tests.test_voice_annotations.TestAuthAndValidation" name="test_oversized_audio_returns_413" time="1.125" /><testcase classname="tests.test_voice_annotations.TestEndToEnd" name="test_real_transcription_and_tactical_classification" time="0.000"><skipped type="pytest.skip" message="/tmp/voice.wav missing">/app/backend/tests/test_voice_annotations.py:134: /tmp/voice.wav missing</skipped></testcase><testcase classname="tests.test_voice_annotations.TestEndToEnd" name="test_voice_annotation_appears_in_get_annotations_with_source_voice" time="0.000"><skipped type="pytest.skip" message="no voice annotation created in previous test">/app/backend/tests/test_voice_annotations.py:174: no voice annotation created in previous test</skipped></testcase><testcase classname="tests.test_voice_annotations.TestErrorPaths" name="test_classify_fallback_on_malformed_json" time="8.674"><skipped type="pytest.skip" message="in-process patch did not propagate to remote server: 502">/app/backend/tests/test_voice_annotations.py:237: in-process patch did not propagate to remote server: 502</skipped></testcase><testcase classname="tests.test_voice_annotations.TestUnitClassifyFallback" name="test_classify_returns_note_zero_on_malformed_json" time="0.001" /><testcase classname="tests.test_voice_annotations.TestUnitClassifyFallback" name="test_classify_returns_note_zero_on_empty_transcript" time="0.000" /><testcase classname="tests.test_voice_annotations.TestMissingKeyPath" name="test_transcribe_raises_503_when_key_missing" time="0.003" /></testsuite></testsuites>