<?xml version="1.0" encoding="utf-8"?><testsuites name="pytest tests"><testsuite name="pytest" errors="0" failures="1" skipped="33" tests="198" time="216.543" timestamp="2026-04-30T18:15:30.048005+00:00" hostname="agent-env-71a126e7-ebd7-4add-81d0-147a3aeb2fff"><testcase classname="tests.test_annotation_templates.TestSeedAndList" name="test_first_call_seeds_10_defaults" time="1.758" /><testcase classname="tests.test_annotation_templates.TestSeedAndList" name="test_seed_distribution" time="0.131" /><testcase classname="tests.test_annotation_templates.TestSeedAndList" name="test_filter_by_tactical" time="0.291" /><testcase classname="tests.test_annotation_templates.TestSeedAndList" name="test_filter_invalid_type_returns_400" time="0.133" /><testcase classname="tests.test_annotation_templates.TestSeedAndList" name="test_sort_usage_desc_then_created_asc" time="0.141" /><testcase classname="tests.test_annotation_templates.TestAuth" name="test_get_no_token_returns_401" time="0.114" /><testcase classname="tests.test_annotation_templates.TestAuth" name="test_get_invalid_token_returns_401" time="0.200" /><testcase classname="tests.test_annotation_templates.TestAuth" name="test_post_no_token_returns_401" time="0.104" /><testcase classname="tests.test_annotation_templates.TestAuth" name="test_delete_no_token_returns_401" time="0.129" /><testcase classname="tests.test_annotation_templates.TestAuth" name="test_use_no_token_returns_401" time="0.115" /><testcase classname="tests.test_annotation_templates.TestCreateUseDelete" name="test_create_new_template" time="0.260" /><testcase classname="tests.test_annotation_templates.TestCreateUseDelete" name="test_create_duplicate_returns_existing" time="0.400" /><testcase classname="tests.test_annotation_templates.TestCreateUseDelete" name="test_create_invalid_type_returns_400" time="0.142" /><testcase classname="tests.test_annotation_templates.TestCreateUseDelete" name="test_use_increments_and_floats_to_top" time="0.815" /><testcase classname="tests.test_annotation_templates.TestCreateUseDelete" name="test_delete_removes_template" time="0.363" /><testcase classname="tests.test_annotation_templates.TestCreateUseDelete" name="test_delete_unknown_returns_404" time="0.147" /><testcase classname="tests.test_annotation_templates.TestCreateUseDelete" name="test_use_unknown_returns_404" time="0.141" /><testcase classname="tests.test_annotation_templates.TestIsolation" name="test_user_b_cannot_see_user_a_template" time="1.044" /><testcase classname="tests.test_coach_network_processing_time" name="test_benchmarks_includes_processing_time_shape" time="0.124" /><testcase classname="tests.test_coach_network_processing_time" name="test_benchmarks_processing_time_with_seeds" time="0.227" /><testcase classname="tests.test_coach_network_processing_time" name="test_benchmarks_processing_time_discards_outliers" time="0.155" /><testcase classname="tests.test_coach_pulse.TestSubscription" name="test_get_subscription_auto_creates" time="0.144" /><testcase classname="tests.test_coach_pulse.TestSubscription" name="test_get_subscription_requires_auth" time="0.146" /><testcase classname="tests.test_coach_pulse.TestSubscription" name="test_subscribe_sets_active" time="0.269" /><testcase classname="tests.test_coach_pulse.TestSubscription" name="test_unsubscribe_sets_inactive" time="0.272" /><testcase classname="tests.test_coach_pulse.TestSubscription" name="test_subscribe_requires_auth" time="0.131" /><testcase classname="tests.test_coach_pulse.TestSubscription" name="test_unsubscribe_requires_auth" time="0.123" /><testcase classname="tests.test_coach_pulse.TestPreview" name="test_preview_returns_html" time="0.163" /><testcase classname="tests.test_coach_pulse.TestPreview" name="test_preview_requires_auth" time="0.127" /><testcase classname="tests.test_coach_pulse.TestPublicUnsubscribe" name="test_invalid_token_returns_expired_html" time="0.116" /><testcase classname="tests.test_coach_pulse.TestPublicUnsubscribe" name="test_valid_token_unsubscribes" time="0.271" /><testcase classname="tests.test_coach_pulse.TestSendTest" name="test_send_test_requires_auth" time="0.112" /><testcase classname="tests.test_coach_pulse.TestSendTest" name="test_send_test_graceful" time="0.399" /><testcase classname="tests.test_coach_pulse.TestSendWeekly" name="test_send_weekly_requires_auth" time="0.149" /><testcase classname="tests.test_coach_pulse.TestSendWeekly" name="test_send_weekly_admin_gate" time="0.274" /><testcase classname="tests.test_coach_pulse.TestEmailTemplate" name="test_render_network_not_ready" time="0.003" /><testcase classname="tests.test_coach_pulse.TestEmailTemplate" name="test_render_network_ready" time="0.000" /><testcase classname="tests.test_email_queue" name="test_quota_detection" time="0.001" /><testcase classname="tests.test_email_queue" name="test_backoff_progression" time="0.000" /><testcase classname="tests.test_email_queue" name="test_send_or_queue_success_path" time="0.002" /><testcase classname="tests.test_email_queue" name="test_send_or_queue_quota_deferred" time="0.002" /><testcase classname="tests.test_email_queue" name="test_send_or_queue_transient_failure" time="0.002" /><testcase classname="tests.test_email_queue" name="test_process_queue_retries_and_sends" time="0.002" /><testcase classname="tests.test_email_queue" name="test_process_queue_skips_future_retries" time="0.002" /><testcase classname="tests.test_email_queue" name="test_give_up_after_5_non_quota_failures" time="0.002" /><testcase classname="tests.test_email_queue" name="test_admin_email_queue_requires_admin" time="0.189" /><testcase classname="tests.test_email_queue" name="test_admin_email_queue_blocked_for_coach" time="0.466" /><testcase classname="tests.test_email_queue" name="test_admin_process_queue_manually" time="0.138" /><testcase classname="tests.test_email_queue" name="test_admin_retry_unknown_returns_404" time="0.131" /><testcase classname="tests.test_finish_match" name="test_finish_400_when_no_manual_result" time="0.451" /><testcase classname="tests.test_finish_match" name="test_finish_happy_path_locks_and_generates_recap" time="32.336"><failure message="requests.exceptions.ConnectTimeout: HTTPSConnectionPool(host='video-scout-11.preview.emergentagent.com', port=443): Max retries exceeded with url: /api/matches/ea6868f4-b795-4a23-859b-f176c4607fa4 (Caused by ConnectTimeoutError(&lt;HTTPSConnection(host='video-scout-11.preview.emergentagent.com', port=443) at 0xff2771bc4250&gt;, 'Connection to video-scout-11.preview.emergentagent.com timed out. (connect timeout=10)'))">/root/.venv/lib/python3.11/site-packages/urllib3/connection.py:204: in _new_conn
    sock = connection.create_connection(
/root/.venv/lib/python3.11/site-packages/urllib3/util/connection.py:85: in create_connection
    raise err
/root/.venv/lib/python3.11/site-packages/urllib3/util/connection.py:73: in create_connection
    sock.connect(sa)
E   TimeoutError: timed out

The above exception was the direct cause of the following exception:
/root/.venv/lib/python3.11/site-packages/urllib3/connectionpool.py:787: in urlopen
    response = self._make_request(
/root/.venv/lib/python3.11/site-packages/urllib3/connectionpool.py:488: in _make_request
    raise new_e
/root/.venv/lib/python3.11/site-packages/urllib3/connectionpool.py:464: in _make_request
    self._validate_conn(conn)
/root/.venv/lib/python3.11/site-packages/urllib3/connectionpool.py:1093: in _validate_conn
    conn.connect()
/root/.venv/lib/python3.11/site-packages/urllib3/connection.py:759: in connect
    self.sock = sock = self._new_conn()
                       ^^^^^^^^^^^^^^^^
/root/.venv/lib/python3.11/site-packages/urllib3/connection.py:213: in _new_conn
    raise ConnectTimeoutError(
E   urllib3.exceptions.ConnectTimeoutError: (&lt;HTTPSConnection(host='video-scout-11.preview.emergentagent.com', port=443) at 0xff2771bc4250&gt;, 'Connection to video-scout-11.preview.emergentagent.com timed out. (connect timeout=10)')

The above exception was the direct cause of the following exception:
/root/.venv/lib/python3.11/site-packages/requests/adapters.py:644: in send
    resp = conn.urlopen(
/root/.venv/lib/python3.11/site-packages/urllib3/connectionpool.py:841: in urlopen
    retries = retries.increment(
/root/.venv/lib/python3.11/site-packages/urllib3/util/retry.py:535: in increment
    raise MaxRetryError(_pool, url, reason) from reason  # type: ignore[arg-type]
    ^^^^^^^^^^^^^^^^^^^^^^^^^^^^^^^^^^^^^^^^^^^^^^^^^^^
E   urllib3.exceptions.MaxRetryError: HTTPSConnectionPool(host='video-scout-11.preview.emergentagent.com', port=443): Max retries exceeded with url: /api/matches/ea6868f4-b795-4a23-859b-f176c4607fa4 (Caused by ConnectTimeoutError(&lt;HTTPSConnection(host='video-scout-11.preview.emergentagent.com', port=443) at 0xff2771bc4250&gt;, 'Connection to video-scout-11.preview.emergentagent.com timed out. (connect timeout=10)'))

During handling of the above exception, another exception occurred:
tests/test_finish_match.py:70: in test_finish_happy_path_locks_and_generates_recap
    m = requests.get(f"{BASE_URL}/api/matches/{match_id}", headers=auth_headers, timeout=10).json()
        ^^^^^^^^^^^^^^^^^^^^^^^^^^^^^^^^^^^^^^^^^^^^^^^^^^^^^^^^^^^^^^^^^^^^^^^^^^^^^^^^^^^^
/root/.venv/lib/python3.11/site-packages/requests/api.py:73: in get
    return request("get", url, params=params, **kwargs)
           ^^^^^^^^^^^^^^^^^^^^^^^^^^^^^^^^^^^^^^^^^^^^
/root/.venv/lib/python3.11/site-packages/requests/api.py:59: in request
    return session.request(method=method, url=url, **kwargs)
           ^^^^^^^^^^^^^^^^^^^^^^^^^^^^^^^^^^^^^^^^^^^^^^^^^
/root/.venv/lib/python3.11/site-packages/requests/sessions.py:589: in request
    resp = self.send(prep, **send_kwargs)
           ^^^^^^^^^^^^^^^^^^^^^^^^^^^^^^
/root/.venv/lib/python3.11/site-packages/requests/sessions.py:703: in send
    r = adapter.send(request, **kwargs)
        ^^^^^^^^^^^^^^^^^^^^^^^^^^^^^^^
/root/.venv/lib/python3.11/site-packages/requests/adapters.py:665: in send
    raise ConnectTimeout(e, request=request)
E   requests.exceptions.ConnectTimeout: HTTPSConnectionPool(host='video-scout-11.preview.emergentagent.com', port=443): Max retries exceeded with url: /api/matches/ea6868f4-b795-4a23-859b-f176c4607fa4 (Caused by ConnectTimeoutError(&lt;HTTPSConnection(host='video-scout-11.preview.emergentagent.com', port=443) at 0xff2771bc4250&gt;, 'Connection to video-scout-11.preview.emergentagent.com timed out. (connect timeout=10)'))</failure></testcase><testcase classname="tests.test_finish_match" name="test_finish_409_on_second_call" time="7.834" /><testcase classname="tests.test_finish_match" name="test_unlock_clears_is_final_keeps_recap" time="22.793" /><testcase classname="tests.test_finish_match" name="test_finish_404_unknown_match" time="0.164" /><testcase classname="tests.test_finish_match" name="test_finish_requires_auth" time="0.138" /><testcase classname="tests.test_finish_match" name="test_deterministic_recap_format" time="0.209" /><testcase classname="tests.test_finish_match" name="test_recap_prompt_includes_events_and_notes" time="0.000" /><testcase classname="tests.test_game_of_the_week" name="test_gotw_set_admin_only" time="0.734" /><testcase classname="tests.test_game_of_the_week" name="test_gotw_set_400_missing_token" time="0.119" /><testcase classname="tests.test_game_of_the_week" name="test_gotw_set_404_invalid_token" time="0.129" /><testcase classname="tests.test_game_of_the_week" name="test_gotw_full_lifecycle" time="11.258" /><testcase classname="tests.test_game_of_the_week" name="test_gotw_auto_expires_after_7_days" time="0.124" /><testcase classname="tests.test_game_of_the_week" name="test_gotw_public_feed_requires_no_auth" time="0.128" /><testcase classname="tests.test_iter11_new_features.TestAuthMe" name="test_auth_me_returns_role_and_no_password" time="0.153" /><testcase classname="tests.test_iter11_new_features.TestAdminEndpoints" name="test_admin_list_users_as_admin" time="0.388" /><testcase classname="tests.test_iter11_new_features.TestAdminEndpoints" name="test_admin_list_users_q_filter" time="0.114" /><testcase classname="tests.test_iter11_new_features.TestAdminEndpoints" name="test_admin_list_users_as_non_admin_403" time="0.529" /><testcase classname="tests.test_iter11_new_features.TestAdminEndpoints" name="test_admin_invalid_role_400" time="0.566" /><testcase classname="tests.test_iter11_new_features.TestAdminEndpoints" name="test_admin_promote_demote_roundtrip" time="0.747" /><testcase classname="tests.test_iter11_new_features.TestAdminEndpoints" name="test_admin_self_demote_when_other_admin_exists" time="0.635" /><testcase classname="tests.test_iter11_new_features.TestMentions" name="test_mentionable_coaches_basic" time="0.164" /><testcase classname="tests.test_iter11_new_features.TestMentions" name="test_mentionable_coaches_q_filter" time="0.193" /><testcase classname="tests.test_iter11_new_features.TestManualResult" name="test_save_manual_result_win" time="0.264" /><testcase classname="tests.test_iter11_new_features.TestManualResult" name="test_get_manual_result" time="0.165" /><testcase classname="tests.test_iter11_new_features.TestManualResult" name="test_matches_list_includes_manual_result" time="0.186" /><testcase classname="tests.test_iter11_new_features.TestManualResult" name="test_manual_result_score_bounds" time="0.152" /><testcase classname="tests.test_iter11_new_features.TestManualResult" name="test_manual_result_outcome_loss_then_draw" time="0.287" /><testcase classname="tests.test_iter11_new_features.TestManualResult" name="test_delete_manual_result" time="0.907" /><testcase classname="tests.test_iter11_new_features.TestSeasonTrendsManual" name="test_season_trends_includes_manual" time="0.762" /><testcase classname="tests.test_iter11_new_features.TestStorageDedup" name="test_server_does_not_redefine_storage_funcs" time="0.002" /><testcase classname="tests.test_iter11_new_features.TestStorageDedup" name="test_services_storage_is_importable" time="0.002" /><testcase classname="tests.test_iter11_new_features.TestClipCollectionMentions" name="test_create_collection_with_mentions_field_accepted" time="0.136"><skipped type="pytest.skip" message="No clips available to attach to a collection">/app/backend/tests/test_iter11_new_features.py:353: No clips available to attach to a collection</skipped></testcase><testcase classname="tests.test_iter12_new_features.TestMentionsList" name="test_get_mentions_returns_array" time="0.200" /><testcase classname="tests.test_iter12_new_features.TestMentionsList" name="test_get_mentions_unread_only_filter" time="0.108" /><testcase classname="tests.test_iter12_new_features.TestMentionMarkRead" name="test_mark_read_unknown_id_404" time="0.121" /><testcase classname="tests.test_iter12_new_features.TestMentionMarkRead" name="test_read_all_returns_updated_count" time="0.134" /><testcase classname="tests.test_iter12_new_features.TestAdminPreview" name="test_admin_preview_200_for_admin" time="0.267" /><testcase classname="tests.test_iter12_new_features.TestAdminPreview" name="test_admin_preview_404_unknown_user" time="0.227" /><testcase classname="tests.test_iter12_new_features.TestAdminPreview" name="test_admin_preview_403_for_non_admin" time="0.485" /><testcase classname="tests.test_iter12_new_features.TestMentionE2E" name="test_create_collection_with_mention_surfaces_to_target" time="0.135"><skipped type="pytest.skip" message="testcoach has no clips — can't build a collection for E2E mention test">/app/backend/tests/test_iter12_new_features.py:118: testcoach has no clips — can't build a collection for E2E mention test</skipped></testcase><testcase classname="tests.test_iter14_new_features.TestClipsList" name="test_list_clips_returns_array" time="0.116"><skipped type="pytest.skip" message="testcoach has 0 clips on this DB — reseed to run depth assertions">/app/backend/tests/test_iter14_new_features.py:50: testcoach has 0 clips on this DB — reseed to run depth assertions</skipped></testcase><testcase classname="tests.test_iter14_new_features.TestClipsList" name="test_list_clips_sorted_recent_first" time="0.145" /><testcase classname="tests.test_iter14_new_features.TestClipsList" name="test_list_clips_match_id_filter" time="0.131"><skipped type="pytest.skip" message="no clips for match_id filter test">/app/backend/tests/test_iter14_new_features.py:70: no clips for match_id filter test</skipped></testcase><testcase classname="tests.test_iter14_new_features.TestClipsList" name="test_list_clips_player_id_filter" time="0.120"><skipped type="pytest.skip" message="no clip has player_ids set">/app/backend/tests/test_iter14_new_features.py:86: no clip has player_ids set</skipped></testcase><testcase classname="tests.test_iter14_new_features.TestClipsList" name="test_list_clips_unauthenticated_401" time="0.123" /><testcase classname="tests.test_iter14_new_features.TestScoutingPacket" name="test_preview_returns_metadata" time="0.464" /><testcase classname="tests.test_iter14_new_features.TestScoutingPacket" name="test_generate_packet_returns_pdf" time="0.534" /><testcase classname="tests.test_iter14_new_features.TestScoutingPacket" name="test_generate_packet_page_counts" time="1.026" /><testcase classname="tests.test_iter14_new_features.TestScoutingPacket" name="test_generate_packet_unknown_player_404" time="0.141" /><testcase classname="tests.test_iter14_new_features.TestScoutingPacket" name="test_generate_packet_non_admin_403" time="0.497" /><testcase classname="tests.test_iter14_new_features.TestIter12MentionE2EUnskipped" name="test_testcoach_has_clips_for_e2e" time="0.116"><skipped type="pytest.skip" message="testcoach has 0 clips on this DB — reseed to run E2E mention test">/app/backend/tests/test_iter14_new_features.py:207: testcoach has 0 clips on this DB — reseed to run E2E mention test</skipped></testcase><testcase classname="tests.test_processing_eta" name="test_eta_stats_requires_auth" time="0.145" /><testcase classname="tests.test_processing_eta" name="test_eta_stats_empty_when_no_completed_videos" time="0.133" /><testcase classname="tests.test_processing_eta" name="test_eta_stats_averages_completed_durations" time="0.187" /><testcase classname="tests.test_processing_eta" name="test_eta_stats_discards_outliers" time="0.211" /><testcase classname="tests.test_push_notifications.TestVapidKey" name="test_vapid_key_no_auth_required" time="0.136" /><testcase classname="tests.test_push_notifications.TestAuthGating" name="test_requires_auth[post-/api/push/subscribe-body0]" time="0.155" /><testcase classname="tests.test_push_notifications.TestAuthGating" name="test_requires_auth[post-/api/push/unsubscribe-body1]" time="0.137" /><testcase classname="tests.test_push_notifications.TestAuthGating" name="test_requires_auth[get-/api/push/subscriptions-None]" time="0.117" /><testcase classname="tests.test_push_notifications.TestAuthGating" name="test_requires_auth[post-/api/push/send-test-None]" time="0.139" /><testcase classname="tests.test_push_notifications.TestPushCRUD" name="test_subscribe_upsert_idempotent" time="0.503" /><testcase classname="tests.test_push_notifications.TestPushCRUD" name="test_unsubscribe_missing_endpoint_returns_422" time="0.075" /><testcase classname="tests.test_push_notifications.TestPushCRUD" name="test_unsubscribe_unknown_endpoint_deletes_zero" time="0.087" /><testcase classname="tests.test_push_notifications.TestPushCRUD" name="test_subscriptions_count_returns_configured" time="0.072" /><testcase classname="tests.test_push_notifications.TestPushCRUD" name="test_send_test_with_fake_endpoint_does_not_crash" time="0.271" /><testcase classname="tests.test_push_notifications.TestCrossUserIsolation" name="test_unsubscribe_cannot_delete_other_users_sub" time="0.975" /><testcase classname="tests.test_push_notifications.TestServicePruning" name="test_send_to_user_prunes_410_and_increments_removed" time="0.683" /><testcase classname="tests.test_push_notifications.TestServicePruning" name="test_send_to_user_no_subs_returns_zero" time="0.001" /><testcase classname="tests.test_push_notifications.TestHookIntegration" name="test_server_imports_push_router_and_send_to_user" time="0.004" /><testcase classname="tests.test_push_notifications.TestHookIntegration" name="test_shared_clip_route_is_mounted_from_routes_clips" time="0.001"><skipped type="pytest.skip" message="No shared clips in DB to exercise the hook">/app/backend/tests/test_push_notifications.py:278: No shared clips in DB to exercise the hook</skipped></testcase><testcase classname="tests.test_refactor_iter10.TestBootIdConsistency" name="test_heartbeat_returns_boot_id" time="0.129" /><testcase classname="tests.test_refactor_iter10.TestBootIdConsistency" name="test_processing_status_boot_id_matches_heartbeat" time="0.574" /><testcase classname="tests.test_refactor_iter10.TestProcessingWrappers" name="test_reprocess_404_on_missing_video" time="0.129" /><testcase classname="tests.test_refactor_iter10.TestProcessingWrappers" name="test_generate_analysis_404_on_missing_video" time="0.121" /><testcase classname="tests.test_refactor_iter10.TestProcessingWrappers" name="test_generate_trimmed_404_on_missing_video" time="0.134" /><testcase classname="tests.test_refactor_iter10.TestProcessingWrappers" name="test_reprocess_returns_already_complete_or_started" time="0.105" /><testcase classname="tests.test_refactor_iter10" name="test_crud_endpoint_returns_200[/api/matches]" time="1.903" /><testcase classname="tests.test_refactor_iter10" name="test_crud_endpoint_returns_200[/api/folders]" time="0.115" /><testcase classname="tests.test_refactor_iter10" name="test_crud_endpoint_returns_200[/api/clubs]" time="0.114" /><testcase classname="tests.test_refactor_iter10" name="test_crud_endpoint_returns_200[/api/teams]" time="0.128" /><testcase classname="tests.test_refactor_iter10" name="test_crud_endpoint_returns_200[/api/coach-network/benchmarks]" time="0.169" /><testcase classname="tests.test_refactor_iter10" name="test_crud_endpoint_returns_200[/api/coach-pulse/subscription]" time="0.170" /><testcase classname="tests.test_refactor_iter10" name="test_crud_endpoint_returns_200[/api/annotation-templates]" time="0.161" /><testcase classname="tests.test_regression_sweep.TestClipTaggingAndProfile" name="test_patch_clip_player_ids_and_appears_in_profile" time="0.251"><skipped type="pytest.skip" message="Regression-sweep seed clip 9e264deb-03e6-4b16-8b81-767fd2f9a304 no longer exists — reseed to re-enable.">/app/backend/tests/test_regression_sweep.py:70: Regression-sweep seed clip 9e264deb-03e6-4b16-8b81-767fd2f9a304 no longer exists — reseed to re-enable.</skipped></testcase><testcase classname="tests.test_regression_sweep.TestClipTaggingAndProfile" name="test_patch_clip_unknown_id_returns_404" time="0.000"><skipped type="pytest.skip" message="Regression-sweep seed clip 9e264deb-03e6-4b16-8b81-767fd2f9a304 no longer exists — reseed to re-enable.">/app/backend/tests/test_regression_sweep.py:107: Regression-sweep seed clip 9e264deb-03e6-4b16-8b81-767fd2f9a304 no longer exists — reseed to re-enable.</skipped></testcase><testcase classname="tests.test_regression_sweep.TestClipTaggingAndProfile" name="test_profile_requires_auth" time="0.000"><skipped type="pytest.skip" message="Regression-sweep seed clip 9e264deb-03e6-4b16-8b81-767fd2f9a304 no longer exists — reseed to re-enable.">/app/backend/tests/test_regression_sweep.py:115: Regression-sweep seed clip 9e264deb-03e6-4b16-8b81-767fd2f9a304 no longer exists — reseed to re-enable.</skipped></testcase><testcase classname="tests.test_regression_sweep.TestPlayerShare" name="test_player_share_toggle_and_public_sanitized" time="0.000"><skipped type="pytest.skip" message="Regression-sweep seed clip 9e264deb-03e6-4b16-8b81-767fd2f9a304 no longer exists — reseed to re-enable.">/app/backend/tests/test_regression_sweep.py:122: Regression-sweep seed clip 9e264deb-03e6-4b16-8b81-767fd2f9a304 no longer exists — reseed to re-enable.</skipped></testcase><testcase classname="tests.test_regression_sweep.TestPlayerShare" name="test_shared_player_bad_token" time="0.000"><skipped type="pytest.skip" message="Regression-sweep seed clip 9e264deb-03e6-4b16-8b81-767fd2f9a304 no longer exists — reseed to re-enable.">/app/backend/tests/test_regression_sweep.py:165: Regression-sweep seed clip 9e264deb-03e6-4b16-8b81-767fd2f9a304 no longer exists — reseed to re-enable.</skipped></testcase><testcase classname="tests.test_regression_sweep.TestTeamShare" name="test_team_share_toggle_and_public_sanitized" time="0.000"><skipped type="pytest.skip" message="Regression-sweep seed clip 9e264deb-03e6-4b16-8b81-767fd2f9a304 no longer exists — reseed to re-enable.">/app/backend/tests/test_regression_sweep.py:172: Regression-sweep seed clip 9e264deb-03e6-4b16-8b81-767fd2f9a304 no longer exists — reseed to re-enable.</skipped></testcase><testcase classname="tests.test_regression_sweep.TestTeamShare" name="test_shared_team_bad_token" time="0.000"><skipped type="pytest.skip" message="Regression-sweep seed clip 9e264deb-03e6-4b16-8b81-767fd2f9a304 no longer exists — reseed to re-enable.">/app/backend/tests/test_regression_sweep.py:200: Regression-sweep seed clip 9e264deb-03e6-4b16-8b81-767fd2f9a304 no longer exists — reseed to re-enable.</skipped></testcase><testcase classname="tests.test_regression_sweep.TestMultiTeam" name="test_add_player_to_additional_team_other_season_ok" time="0.000"><skipped type="pytest.skip" message="Regression-sweep seed clip 9e264deb-03e6-4b16-8b81-767fd2f9a304 no longer exists — reseed to re-enable.">/app/backend/tests/test_regression_sweep.py:207: Regression-sweep seed clip 9e264deb-03e6-4b16-8b81-767fd2f9a304 no longer exists — reseed to re-enable.</skipped></testcase><testcase classname="tests.test_regression_sweep.TestMultiTeam" name="test_season_cap_enforced_on_add" time="0.000"><skipped type="pytest.skip" message="Regression-sweep seed clip 9e264deb-03e6-4b16-8b81-767fd2f9a304 no longer exists — reseed to re-enable.">/app/backend/tests/test_regression_sweep.py:236: Regression-sweep seed clip 9e264deb-03e6-4b16-8b81-767fd2f9a304 no longer exists — reseed to re-enable.</skipped></testcase><testcase classname="tests.test_regression_sweep.TestMultiTeam" name="test_delete_player_from_team_keeps_record" time="0.000"><skipped type="pytest.skip" message="Regression-sweep seed clip 9e264deb-03e6-4b16-8b81-767fd2f9a304 no longer exists — reseed to re-enable.">/app/backend/tests/test_regression_sweep.py:274: Regression-sweep seed clip 9e264deb-03e6-4b16-8b81-767fd2f9a304 no longer exists — reseed to re-enable.</skipped></testcase><testcase classname="tests.test_regression_sweep.TestMultiTeam" name="test_eligible_players_endpoint_and_at_cap_flag" time="0.000"><skipped type="pytest.skip" message="Regression-sweep seed clip 9e264deb-03e6-4b16-8b81-767fd2f9a304 no longer exists — reseed to re-enable.">/app/backend/tests/test_regression_sweep.py:310: Regression-sweep seed clip 9e264deb-03e6-4b16-8b81-767fd2f9a304 no longer exists — reseed to re-enable.</skipped></testcase><testcase classname="tests.test_regression_sweep.TestPromote" name="test_promote_clones_team_and_appends_team_id_to_roster" time="0.000"><skipped type="pytest.skip" message="Regression-sweep seed clip 9e264deb-03e6-4b16-8b81-767fd2f9a304 no longer exists — reseed to re-enable.">/app/backend/tests/test_regression_sweep.py:360: Regression-sweep seed clip 9e264deb-03e6-4b16-8b81-767fd2f9a304 no longer exists — reseed to re-enable.</skipped></testcase><testcase classname="tests.test_regression_sweep.TestPromote" name="test_promote_same_season_rejected" time="0.000"><skipped type="pytest.skip" message="Regression-sweep seed clip 9e264deb-03e6-4b16-8b81-767fd2f9a304 no longer exists — reseed to re-enable.">/app/backend/tests/test_regression_sweep.py:416: Regression-sweep seed clip 9e264deb-03e6-4b16-8b81-767fd2f9a304 no longer exists — reseed to re-enable.</skipped></testcase><testcase classname="tests.test_regression_sweep.TestClipCollections" name="test_create_list_share_and_delete" time="0.000"><skipped type="pytest.skip" message="Regression-sweep seed clip 9e264deb-03e6-4b16-8b81-767fd2f9a304 no longer exists — reseed to re-enable.">/app/backend/tests/test_regression_sweep.py:435: Regression-sweep seed clip 9e264deb-03e6-4b16-8b81-767fd2f9a304 no longer exists — reseed to re-enable.</skipped></testcase><testcase classname="tests.test_regression_sweep.TestClipCollections" name="test_create_with_unknown_clip_ids_returns_400" time="0.000"><skipped type="pytest.skip" message="Regression-sweep seed clip 9e264deb-03e6-4b16-8b81-767fd2f9a304 no longer exists — reseed to re-enable.">/app/backend/tests/test_regression_sweep.py:474: Regression-sweep seed clip 9e264deb-03e6-4b16-8b81-767fd2f9a304 no longer exists — reseed to re-enable.</skipped></testcase><testcase classname="tests.test_regression_sweep.TestOGEndpoints" name="test_og_player_html_and_image" time="0.000"><skipped type="pytest.skip" message="Regression-sweep seed clip 9e264deb-03e6-4b16-8b81-767fd2f9a304 no longer exists — reseed to re-enable.">/app/backend/tests/test_regression_sweep.py:495: Regression-sweep seed clip 9e264deb-03e6-4b16-8b81-767fd2f9a304 no longer exists — reseed to re-enable.</skipped></testcase><testcase classname="tests.test_regression_sweep.TestOGEndpoints" name="test_og_team_html_and_image" time="0.000"><skipped type="pytest.skip" message="Regression-sweep seed clip 9e264deb-03e6-4b16-8b81-767fd2f9a304 no longer exists — reseed to re-enable.">/app/backend/tests/test_regression_sweep.py:541: Regression-sweep seed clip 9e264deb-03e6-4b16-8b81-767fd2f9a304 no longer exists — reseed to re-enable.</skipped></testcase><testcase classname="tests.test_regression_sweep.TestOGEndpoints" name="test_og_clip_collection_html_and_image" time="0.000"><skipped type="pytest.skip" message="Regression-sweep seed clip 9e264deb-03e6-4b16-8b81-767fd2f9a304 no longer exists — reseed to re-enable.">/app/backend/tests/test_regression_sweep.py:563: Regression-sweep seed clip 9e264deb-03e6-4b16-8b81-767fd2f9a304 no longer exists — reseed to re-enable.</skipped></testcase><testcase classname="tests.test_regression_sweep.TestOGEndpoints" name="test_og_clip_html_and_image" time="0.000"><skipped type="pytest.skip" message="Regression-sweep seed clip 9e264deb-03e6-4b16-8b81-767fd2f9a304 no longer exists — reseed to re-enable.">/app/backend/tests/test_regression_sweep.py:590: Regression-sweep seed clip 9e264deb-03e6-4b16-8b81-767fd2f9a304 no longer exists — reseed to re-enable.</skipped></testcase><testcase classname="tests.test_regression_sweep.TestOGEndpoints" name="test_og_folder_bad_token_404" time="0.000"><skipped type="pytest.skip" message="Regression-sweep seed clip 9e264deb-03e6-4b16-8b81-767fd2f9a304 no longer exists — reseed to re-enable.">/app/backend/tests/test_regression_sweep.py:616: Regression-sweep seed clip 9e264deb-03e6-4b16-8b81-767fd2f9a304 no longer exists — reseed to re-enable.</skipped></testcase><testcase classname="tests.test_regression_sweep.TestOGEndpoints" name="test_og_clip_bad_token_404" time="0.000"><skipped type="pytest.skip" message="Regression-sweep seed clip 9e264deb-03e6-4b16-8b81-767fd2f9a304 no longer exists — reseed to re-enable.">/app/backend/tests/test_regression_sweep.py:620: Regression-sweep seed clip 9e264deb-03e6-4b16-8b81-767fd2f9a304 no longer exists — reseed to re-enable.</skipped></testcase><testcase classname="tests.test_regression_sweep.TestOGEndpoints" name="test_og_team_bad_token_404" time="0.000"><skipped type="pytest.skip" message="Regression-sweep seed clip 9e264deb-03e6-4b16-8b81-767fd2f9a304 no longer exists — reseed to re-enable.">/app/backend/tests/test_regression_sweep.py:624: Regression-sweep seed clip 9e264deb-03e6-4b16-8b81-767fd2f9a304 no longer exists — reseed to re-enable.</skipped></testcase><testcase classname="tests.test_regression_sweep.TestOGEndpoints" name="test_og_clip_collection_bad_token_404" time="0.000"><skipped type="pytest.skip" message="Regression-sweep seed clip 9e264deb-03e6-4b16-8b81-767fd2f9a304 no longer exists — reseed to re-enable.">/app/backend/tests/test_regression_sweep.py:628: Regression-sweep seed clip 9e264deb-03e6-4b16-8b81-767fd2f9a304 no longer exists — reseed to re-enable.</skipped></testcase><testcase classname="tests.test_share_recap" name="test_share_recap_400_when_no_summary" time="0.386" /><testcase classname="tests.test_share_recap" name="test_share_recap_toggles" time="4.494" /><testcase classname="tests.test_share_recap" name="test_share_recap_404_unknown_match" time="0.117" /><testcase classname="tests.test_share_recap" name="test_og_match_recap_html_unfurls_with_proper_meta_tags" time="5.515" /><testcase classname="tests.test_share_recap" name="test_og_match_recap_image_returns_png" time="5.710" /><testcase classname="tests.test_share_recap" name="test_public_recap_endpoint_returns_full_payload" time="5.151" /><testcase classname="tests.test_share_recap" name="test_public_recap_404_after_revoke" time="8.495" /><testcase classname="tests.test_share_recap" name="test_render_match_recap_card_handles_long_summary" time="0.122" /><testcase classname="tests.test_shared_folders.TestSharedPublic" name="test_get_shared_folder_with_existing_token" time="0.127" /><testcase classname="tests.test_shared_folders.TestSharedPublic" name="test_get_shared_folder_invalid_token" time="0.133" /><testcase classname="tests.test_shared_folders.TestSharedPublic" name="test_get_shared_match_detail" time="0.291" /><testcase classname="tests.test_shared_folders.TestSharedPublic" name="test_get_shared_match_detail_invalid_match" time="0.141" /><testcase classname="tests.test_shared_folders.TestSharedPublic" name="test_get_shared_match_detail_invalid_token" time="0.161" /><testcase classname="tests.test_shared_folders.TestSharedPublic" name="test_shared_video_stream" time="0.788" /><testcase classname="tests.test_shared_folders.TestSharedPublic" name="test_shared_video_invalid_token" time="0.121" /><testcase classname="tests.test_shared_folders.TestShareToggle" name="test_share_private_folder_returns_400" time="0.683" /><testcase classname="tests.test_shared_folders.TestShareToggle" name="test_share_public_folder_generate_then_revoke" time="0.814" /><testcase classname="tests.test_shared_folders.TestShareToggle" name="test_share_nonexistent_folder" time="0.112" /><testcase classname="tests.test_shared_folders.TestShareToggle" name="test_share_requires_auth" time="0.148" /><testcase classname="tests.test_video_routes.TestVideoAccessToken" name="test_access_token_requires_auth" time="0.293" /><testcase classname="tests.test_video_routes.TestVideoAccessToken" name="test_access_token_404_for_unknown_video" time="0.133" /><testcase classname="tests.test_video_routes.TestVideoAccessToken" name="test_access_token_returns_valid_jwt" time="0.173" /><testcase classname="tests.test_video_routes.TestVideoMetadata" name="test_metadata_requires_auth" time="0.151" /><testcase classname="tests.test_video_routes.TestVideoMetadata" name="test_metadata_404_unknown" time="0.148" /><testcase classname="tests.test_video_routes.TestVideoMetadata" name="test_metadata_schema_and_no_large_fields" time="0.159" /><testcase classname="tests.test_video_routes.TestVideoMetadata" name="test_metadata_includes_chunk_integrity_when_chunked" time="0.133" /><testcase classname="tests.test_video_routes.TestVideoProcessingStatus" name="test_processing_status_requires_auth" time="0.123" /><testcase classname="tests.test_video_routes.TestVideoProcessingStatus" name="test_processing_status_404_unknown" time="0.133" /><testcase classname="tests.test_video_routes.TestVideoProcessingStatus" name="test_processing_status_payload_shape" time="0.134" /><testcase classname="tests.test_video_routes.TestVideoProcessingStatus" name="test_processing_status_reflects_completed_analyses" time="0.138" /><testcase classname="tests.test_video_routes.TestNoDuplicateRoute" name="test_no_410_gone" time="0.379" /><testcase classname="tests.test_voice_annotations.TestAuthAndValidation" name="test_post_without_auth_returns_401_or_403" time="0.118" /><testcase classname="tests.test_voice_annotations.TestAuthAndValidation" name="test_nonexistent_video_returns_404" time="0.480" /><testcase classname="tests.test_voice_annotations.TestAuthAndValidation" name="test_cross_user_video_returns_404" time="0.474" /><testcase classname="tests.test_voice_annotations.TestAuthAndValidation" name="test_empty_audio_returns_400" time="0.203" /><testcase classname="tests.test_voice_annotations.TestAuthAndValidation" name="test_oversized_audio_returns_413" time="1.061" /><testcase classname="tests.test_voice_annotations.TestEndToEnd" name="test_real_transcription_and_tactical_classification" time="0.001"><skipped type="pytest.skip" message="/tmp/voice.wav missing">/app/backend/tests/test_voice_annotations.py:134: /tmp/voice.wav missing</skipped></testcase><testcase classname="tests.test_voice_annotations.TestEndToEnd" name="test_voice_annotation_appears_in_get_annotations_with_source_voice" time="0.000"><skipped type="pytest.skip" message="no voice annotation created in previous test">/app/backend/tests/test_voice_annotations.py:174: no voice annotation created in previous test</skipped></testcase><testcase classname="tests.test_voice_annotations.TestErrorPaths" name="test_classify_fallback_on_malformed_json" time="71.636"><skipped type="pytest.skip" message="in-process patch did not propagate to remote server: 502">/app/backend/tests/test_voice_annotations.py:237: in-process patch did not propagate to remote server: 502</skipped></testcase><testcase classname="tests.test_voice_annotations.TestUnitClassifyFallback" name="test_classify_returns_note_zero_on_malformed_json" time="0.001" /><testcase classname="tests.test_voice_annotations.TestUnitClassifyFallback" name="test_classify_returns_note_zero_on_empty_transcript" time="0.000" /><testcase classname="tests.test_voice_annotations.TestMissingKeyPath" name="test_transcribe_raises_503_when_key_missing" time="0.002" /></testsuite></testsuites>