<?xml version="1.0" encoding="utf-8"?><testsuites name="pytest tests"><testsuite name="pytest" errors="0" failures="0" skipped="1" tests="11" time="14.898" timestamp="2026-04-30T01:37:30.915648+00:00" hostname="agent-env-71a126e7-ebd7-4add-81d0-147a3aeb2fff"><testcase classname="tests.test_voice_annotations.TestAuthAndValidation" name="test_post_without_auth_returns_401_or_403" time="0.162" /><testcase classname="tests.test_voice_annotations.TestAuthAndValidation" name="test_nonexistent_video_returns_404" time="0.478" /><testcase classname="tests.test_voice_annotations.TestAuthAndValidation" name="test_cross_user_video_returns_404" time="0.457" /><testcase classname="tests.test_voice_annotations.TestAuthAndValidation" name="test_empty_audio_returns_400" time="0.115" /><testcase classname="tests.test_voice_annotations.TestAuthAndValidation" name="test_oversized_audio_returns_413" time="0.986" /><testcase classname="tests.test_voice_annotations.TestEndToEnd" name="test_real_transcription_and_tactical_classification" time="5.197" /><testcase classname="tests.test_voice_annotations.TestEndToEnd" name="test_voice_annotation_appears_in_get_annotations_with_source_voice" time="0.170" /><testcase classname="tests.test_voice_annotations.TestErrorPaths" name="test_classify_fallback_on_malformed_json" time="7.290"><skipped type="pytest.skip" message="in-process patch did not propagate to remote server: 502">/app/backend/tests/test_voice_annotations.py:237: in-process patch did not propagate to remote server: 502</skipped></testcase><testcase classname="tests.test_voice_annotations.TestUnitClassifyFallback" name="test_classify_returns_note_zero_on_malformed_json" time="0.001" /><testcase classname="tests.test_voice_annotations.TestUnitClassifyFallback" name="test_classify_returns_note_zero_on_empty_transcript" time="0.000" /><testcase classname="tests.test_voice_annotations.TestMissingKeyPath" name="test_transcribe_raises_503_when_key_missing" time="0.001" /></testsuite></testsuites>