<?xml version="1.0" encoding="utf-8"?><testsuites name="pytest tests"><testsuite name="pytest" errors="0" failures="0" skipped="0" tests="80" time="69.547" timestamp="2026-04-29T23:11:04.143788+00:00" hostname="agent-env-71a126e7-ebd7-4add-81d0-147a3aeb2fff"><testcase classname="tests.test_annotation_templates.TestSeedAndList" name="test_first_call_seeds_10_defaults" time="0.564" /><testcase classname="tests.test_annotation_templates.TestSeedAndList" name="test_seed_distribution" time="0.106" /><testcase classname="tests.test_annotation_templates.TestSeedAndList" name="test_filter_by_tactical" time="0.107" /><testcase classname="tests.test_annotation_templates.TestSeedAndList" name="test_filter_invalid_type_returns_400" time="0.113" /><testcase classname="tests.test_annotation_templates.TestSeedAndList" name="test_sort_usage_desc_then_created_asc" time="0.115" /><testcase classname="tests.test_annotation_templates.TestAuth" name="test_get_no_token_returns_401" time="0.102" /><testcase classname="tests.test_annotation_templates.TestAuth" name="test_get_invalid_token_returns_401" time="0.097" /><testcase classname="tests.test_annotation_templates.TestAuth" name="test_post_no_token_returns_401" time="0.103" /><testcase classname="tests.test_annotation_templates.TestAuth" name="test_delete_no_token_returns_401" time="0.108" /><testcase classname="tests.test_annotation_templates.TestAuth" name="test_use_no_token_returns_401" time="0.101" /><testcase classname="tests.test_annotation_templates.TestCreateUseDelete" name="test_create_new_template" time="0.220" /><testcase classname="tests.test_annotation_templates.TestCreateUseDelete" name="test_create_duplicate_returns_existing" time="0.345" /><testcase classname="tests.test_annotation_templates.TestCreateUseDelete" name="test_create_invalid_type_returns_400" time="0.107" /><testcase classname="tests.test_annotation_templates.TestCreateUseDelete" name="test_use_increments_and_floats_to_top" time="0.703" /><testcase classname="tests.test_annotation_templates.TestCreateUseDelete" name="test_delete_removes_template" time="0.319" /><testcase classname="tests.test_annotation_templates.TestCreateUseDelete" name="test_delete_unknown_returns_404" time="0.122" /><testcase classname="tests.test_annotation_templates.TestCreateUseDelete" name="test_use_unknown_returns_404" time="0.129" /><testcase classname="tests.test_annotation_templates.TestIsolation" name="test_user_b_cannot_see_user_a_template" time="0.875" /><testcase classname="tests.test_coach_pulse.TestSubscription" name="test_get_subscription_auto_creates" time="0.106" /><testcase classname="tests.test_coach_pulse.TestSubscription" name="test_get_subscription_requires_auth" time="0.107" /><testcase classname="tests.test_coach_pulse.TestSubscription" name="test_subscribe_sets_active" time="0.245" /><testcase classname="tests.test_coach_pulse.TestSubscription" name="test_unsubscribe_sets_inactive" time="0.208" /><testcase classname="tests.test_coach_pulse.TestSubscription" name="test_subscribe_requires_auth" time="0.134" /><testcase classname="tests.test_coach_pulse.TestSubscription" name="test_unsubscribe_requires_auth" time="0.104" /><testcase classname="tests.test_coach_pulse.TestPreview" name="test_preview_returns_html" time="0.119" /><testcase classname="tests.test_coach_pulse.TestPreview" name="test_preview_requires_auth" time="0.107" /><testcase classname="tests.test_coach_pulse.TestPublicUnsubscribe" name="test_invalid_token_returns_expired_html" time="0.111" /><testcase classname="tests.test_coach_pulse.TestPublicUnsubscribe" name="test_valid_token_unsubscribes" time="0.248" /><testcase classname="tests.test_coach_pulse.TestSendTest" name="test_send_test_requires_auth" time="0.105" /><testcase classname="tests.test_coach_pulse.TestSendTest" name="test_send_test_graceful" time="0.324" /><testcase classname="tests.test_coach_pulse.TestSendWeekly" name="test_send_weekly_requires_auth" time="0.107" /><testcase classname="tests.test_coach_pulse.TestSendWeekly" name="test_send_weekly_returns_counts" time="0.227" /><testcase classname="tests.test_coach_pulse.TestEmailTemplate" name="test_render_network_not_ready" time="0.002" /><testcase classname="tests.test_coach_pulse.TestEmailTemplate" name="test_render_network_ready" time="0.000" /><testcase classname="tests.test_regression_sweep.TestClipTaggingAndProfile" name="test_patch_clip_player_ids_and_appears_in_profile" time="0.328" /><testcase classname="tests.test_regression_sweep.TestClipTaggingAndProfile" name="test_patch_clip_unknown_id_returns_404" time="0.103" /><testcase classname="tests.test_regression_sweep.TestClipTaggingAndProfile" name="test_profile_requires_auth" time="0.119" /><testcase classname="tests.test_regression_sweep.TestPlayerShare" name="test_player_share_toggle_and_public_sanitized" time="0.382" /><testcase classname="tests.test_regression_sweep.TestPlayerShare" name="test_shared_player_bad_token" time="0.109" /><testcase classname="tests.test_regression_sweep.TestTeamShare" name="test_team_share_toggle_and_public_sanitized" time="0.323" /><testcase classname="tests.test_regression_sweep.TestTeamShare" name="test_shared_team_bad_token" time="0.146" /><testcase classname="tests.test_regression_sweep.TestMultiTeam" name="test_add_player_to_additional_team_other_season_ok" time="0.325" /><testcase classname="tests.test_regression_sweep.TestMultiTeam" name="test_season_cap_enforced_on_add" time="1.041" /><testcase classname="tests.test_regression_sweep.TestMultiTeam" name="test_delete_player_from_team_keeps_record" time="0.912" /><testcase classname="tests.test_regression_sweep.TestMultiTeam" name="test_eligible_players_endpoint_and_at_cap_flag" time="1.160" /><testcase classname="tests.test_regression_sweep.TestPromote" name="test_promote_clones_team_and_appends_team_id_to_roster" time="1.399" /><testcase classname="tests.test_regression_sweep.TestPromote" name="test_promote_same_season_rejected" time="35.999" /><testcase classname="tests.test_regression_sweep.TestClipCollections" name="test_create_list_share_and_delete" time="0.533" /><testcase classname="tests.test_regression_sweep.TestClipCollections" name="test_create_with_unknown_clip_ids_returns_400" time="0.136" /><testcase classname="tests.test_regression_sweep.TestOGEndpoints" name="test_og_player_html_and_image" time="0.869" /><testcase classname="tests.test_regression_sweep.TestOGEndpoints" name="test_og_team_html_and_image" time="0.828" /><testcase classname="tests.test_regression_sweep.TestOGEndpoints" name="test_og_clip_collection_html_and_image" time="0.520" /><testcase classname="tests.test_regression_sweep.TestOGEndpoints" name="test_og_clip_html_and_image" time="0.562" /><testcase classname="tests.test_regression_sweep.TestOGEndpoints" name="test_og_folder_bad_token_404" time="0.105" /><testcase classname="tests.test_regression_sweep.TestOGEndpoints" name="test_og_clip_bad_token_404" time="0.107" /><testcase classname="tests.test_regression_sweep.TestOGEndpoints" name="test_og_team_bad_token_404" time="0.101" /><testcase classname="tests.test_regression_sweep.TestOGEndpoints" name="test_og_clip_collection_bad_token_404" time="0.113" /><testcase classname="tests.test_shared_folders.TestSharedPublic" name="test_get_shared_folder_with_existing_token" time="0.105" /><testcase classname="tests.test_shared_folders.TestSharedPublic" name="test_get_shared_folder_invalid_token" time="0.117" /><testcase classname="tests.test_shared_folders.TestSharedPublic" name="test_get_shared_match_detail" time="0.230" /><testcase classname="tests.test_shared_folders.TestSharedPublic" name="test_get_shared_match_detail_invalid_match" time="0.106" /><testcase classname="tests.test_shared_folders.TestSharedPublic" name="test_get_shared_match_detail_invalid_token" time="0.099" /><testcase classname="tests.test_shared_folders.TestSharedPublic" name="test_shared_video_stream" time="0.763" /><testcase classname="tests.test_shared_folders.TestSharedPublic" name="test_shared_video_invalid_token" time="0.136" /><testcase classname="tests.test_shared_folders.TestShareToggle" name="test_share_private_folder_returns_400" time="0.344" /><testcase classname="tests.test_shared_folders.TestShareToggle" name="test_share_public_folder_generate_then_revoke" time="0.693" /><testcase classname="tests.test_shared_folders.TestShareToggle" name="test_share_nonexistent_folder" time="0.113" /><testcase classname="tests.test_shared_folders.TestShareToggle" name="test_share_requires_auth" time="1.114" /><testcase classname="tests.test_video_routes.TestVideoAccessToken" name="test_access_token_requires_auth" time="0.105" /><testcase classname="tests.test_video_routes.TestVideoAccessToken" name="test_access_token_404_for_unknown_video" time="0.107" /><testcase classname="tests.test_video_routes.TestVideoAccessToken" name="test_access_token_returns_valid_jwt" time="0.102" /><testcase classname="tests.test_video_routes.TestVideoMetadata" name="test_metadata_requires_auth" time="0.162" /><testcase classname="tests.test_video_routes.TestVideoMetadata" name="test_metadata_404_unknown" time="0.127" /><testcase classname="tests.test_video_routes.TestVideoMetadata" name="test_metadata_schema_and_no_large_fields" time="0.104" /><testcase classname="tests.test_video_routes.TestVideoMetadata" name="test_metadata_includes_chunk_integrity_when_chunked" time="0.117" /><testcase classname="tests.test_video_routes.TestVideoProcessingStatus" name="test_processing_status_requires_auth" time="0.101" /><testcase classname="tests.test_video_routes.TestVideoProcessingStatus" name="test_processing_status_404_unknown" time="11.324" /><testcase classname="tests.test_video_routes.TestVideoProcessingStatus" name="test_processing_status_payload_shape" time="0.132" /><testcase classname="tests.test_video_routes.TestVideoProcessingStatus" name="test_processing_status_reflects_completed_analyses" time="0.123" /><testcase classname="tests.test_video_routes.TestNoDuplicateRoute" name="test_no_410_gone" time="0.330" /></testsuite></testsuites>