<?xml version="1.0" encoding="utf-8"?><testsuites name="pytest tests"><testsuite name="pytest" errors="0" failures="1" skipped="0" tests="15" time="3.583" timestamp="2026-04-30T00:56:50.532167+00:00" hostname="agent-env-71a126e7-ebd7-4add-81d0-147a3aeb2fff"><testcase classname="tests.test_push_notifications.TestVapidKey" name="test_vapid_key_no_auth_required" time="0.129" /><testcase classname="tests.test_push_notifications.TestAuthGating" name="test_requires_auth[post-/api/push/subscribe-body0]" time="0.105" /><testcase classname="tests.test_push_notifications.TestAuthGating" name="test_requires_auth[post-/api/push/unsubscribe-body1]" time="0.104" /><testcase classname="tests.test_push_notifications.TestAuthGating" name="test_requires_auth[get-/api/push/subscriptions-None]" time="0.114" /><testcase classname="tests.test_push_notifications.TestAuthGating" name="test_requires_auth[post-/api/push/send-test-None]" time="0.113" /><testcase classname="tests.test_push_notifications.TestPushCRUD" name="test_subscribe_upsert_idempotent" time="0.689" /><testcase classname="tests.test_push_notifications.TestPushCRUD" name="test_unsubscribe_missing_endpoint_returns_400" time="0.053" /><testcase classname="tests.test_push_notifications.TestPushCRUD" name="test_unsubscribe_unknown_endpoint_deletes_zero" time="0.058" /><testcase classname="tests.test_push_notifications.TestPushCRUD" name="test_subscriptions_count_returns_configured" time="0.057" /><testcase classname="tests.test_push_notifications.TestPushCRUD" name="test_send_test_with_fake_endpoint_does_not_crash" time="0.171" /><testcase classname="tests.test_push_notifications.TestCrossUserIsolation" name="test_unsubscribe_cannot_delete_other_users_sub" time="0.866" /><testcase classname="tests.test_push_notifications.TestServicePruning" name="test_send_to_user_prunes_410_and_increments_removed" time="0.624" /><testcase classname="tests.test_push_notifications.TestServicePruning" name="test_send_to_user_no_subs_returns_zero" time="0.001" /><testcase classname="tests.test_push_notifications.TestHookIntegration" name="test_server_imports_push_router_and_send_to_user" time="0.158" /><testcase classname="tests.test_push_notifications.TestHookIntegration" name="test_shared_clip_throttle_does_not_double_fire" time="0.231"><failure message="AssertionError: First hit should have set last_view_notify_at&#10;assert ({'last_view_notify_at': None} and None)&#10; +  where None = &lt;built-in method get of dict object at 0xf967a4234b40&gt;('last_view_notify_at')&#10; +    where &lt;built-in method get of dict object at 0xf967a4234b40&gt; = {'last_view_notify_at': None}.get">tests/test_push_notifications.py:324: in test_shared_clip_throttle_does_not_double_fire
    _run(_check())
tests/test_push_notifications.py:27: in _run
    return _LOOP.run_until_complete(coro)
           ^^^^^^^^^^^^^^^^^^^^^^^^^^^^^^
/usr/local/lib/python3.11/asyncio/base_events.py:654: in run_until_complete
    return future.result()
           ^^^^^^^^^^^^^^^
tests/test_push_notifications.py:314: in _check
    assert doc and doc.get("last_view_notify_at"), "First hit should have set last_view_notify_at"
E   AssertionError: First hit should have set last_view_notify_at
E   assert ({'last_view_notify_at': None} and None)
E    +  where None = &lt;built-in method get of dict object at 0xf967a4234b40&gt;('last_view_notify_at')
E    +    where &lt;built-in method get of dict object at 0xf967a4234b40&gt; = {'last_view_notify_at': None}.get</failure></testcase></testsuite></testsuites>