<?xml version="1.0" encoding="utf-8"?><testsuites name="pytest tests"><testsuite name="pytest" errors="0" failures="0" skipped="0" tests="13" time="2.541" timestamp="2026-04-30T03:26:49.220859+00:00" hostname="agent-env-71a126e7-ebd7-4add-81d0-147a3aeb2fff"><testcase classname="tests.test_refactor_iter10.TestBootIdConsistency" name="test_heartbeat_returns_boot_id" time="0.167" /><testcase classname="tests.test_refactor_iter10.TestBootIdConsistency" name="test_processing_status_boot_id_matches_heartbeat" time="0.786" /><testcase classname="tests.test_refactor_iter10.TestProcessingWrappers" name="test_reprocess_404_on_missing_video" time="0.132" /><testcase classname="tests.test_refactor_iter10.TestProcessingWrappers" name="test_generate_analysis_404_on_missing_video" time="0.145" /><testcase classname="tests.test_refactor_iter10.TestProcessingWrappers" name="test_generate_trimmed_404_on_missing_video" time="0.141" /><testcase classname="tests.test_refactor_iter10.TestProcessingWrappers" name="test_reprocess_returns_already_complete_or_started" time="0.151" /><testcase classname="tests.test_refactor_iter10" name="test_crud_endpoint_returns_200[/api/matches]" time="0.141" /><testcase classname="tests.test_refactor_iter10" name="test_crud_endpoint_returns_200[/api/folders]" time="0.125" /><testcase classname="tests.test_refactor_iter10" name="test_crud_endpoint_returns_200[/api/clubs]" time="0.128" /><testcase classname="tests.test_refactor_iter10" name="test_crud_endpoint_returns_200[/api/teams]" time="0.180" /><testcase classname="tests.test_refactor_iter10" name="test_crud_endpoint_returns_200[/api/coach-network/benchmarks]" time="0.140" /><testcase classname="tests.test_refactor_iter10" name="test_crud_endpoint_returns_200[/api/coach-pulse/subscription]" time="0.132" /><testcase classname="tests.test_refactor_iter10" name="test_crud_endpoint_returns_200[/api/annotation-templates]" time="0.149" /></testsuite></testsuites>