<?xml version="1.0" encoding="utf-8"?><testsuites name="pytest tests"><testsuite name="pytest" errors="0" failures="0" skipped="1" tests="8" time="1.726" timestamp="2026-04-30T04:34:07.857725+00:00" hostname="agent-env-71a126e7-ebd7-4add-81d0-147a3aeb2fff"><testcase classname="backend.tests.test_iter12_new_features.TestMentionsList" name="test_get_mentions_returns_array" time="0.483" /><testcase classname="backend.tests.test_iter12_new_features.TestMentionsList" name="test_get_mentions_unread_only_filter" time="0.107" /><testcase classname="backend.tests.test_iter12_new_features.TestMentionMarkRead" name="test_mark_read_unknown_id_404" time="0.130" /><testcase classname="backend.tests.test_iter12_new_features.TestMentionMarkRead" name="test_read_all_returns_updated_count" time="0.116" /><testcase classname="backend.tests.test_iter12_new_features.TestAdminPreview" name="test_admin_preview_200_for_admin" time="0.192" /><testcase classname="backend.tests.test_iter12_new_features.TestAdminPreview" name="test_admin_preview_404_unknown_user" time="0.114" /><testcase classname="backend.tests.test_iter12_new_features.TestAdminPreview" name="test_admin_preview_403_for_non_admin" time="0.466" /><testcase classname="backend.tests.test_iter12_new_features.TestMentionE2E" name="test_create_collection_with_mention_surfaces_to_target" time="0.094"><skipped type="pytest.skip" message="testcoach has no clips — can't build a collection for E2E mention test">/app/backend/tests/test_iter12_new_features.py:118: testcoach has no clips — can't build a collection for E2E mention test</skipped></testcase></testsuite></testsuites>