<?xml version="1.0" encoding="utf-8"?><testsuites name="pytest tests"><testsuite name="pytest" errors="0" failures="0" skipped="0" tests="18" time="4.534" timestamp="2026-04-29T22:41:08.036168+00:00" hostname="agent-env-71a126e7-ebd7-4add-81d0-147a3aeb2fff"><testcase classname="backend.tests.test_annotation_templates.TestSeedAndList" name="test_first_call_seeds_10_defaults" time="0.683" /><testcase classname="backend.tests.test_annotation_templates.TestSeedAndList" name="test_seed_distribution" time="0.115" /><testcase classname="backend.tests.test_annotation_templates.TestSeedAndList" name="test_filter_by_tactical" time="0.106" /><testcase classname="backend.tests.test_annotation_templates.TestSeedAndList" name="test_filter_invalid_type_returns_400" time="0.113" /><testcase classname="backend.tests.test_annotation_templates.TestSeedAndList" name="test_sort_usage_desc_then_created_asc" time="0.102" /><testcase classname="backend.tests.test_annotation_templates.TestAuth" name="test_get_no_token_returns_401" time="0.138" /><testcase classname="backend.tests.test_annotation_templates.TestAuth" name="test_get_invalid_token_returns_401" time="0.125" /><testcase classname="backend.tests.test_annotation_templates.TestAuth" name="test_post_no_token_returns_401" time="0.109" /><testcase classname="backend.tests.test_annotation_templates.TestAuth" name="test_delete_no_token_returns_401" time="0.098" /><testcase classname="backend.tests.test_annotation_templates.TestAuth" name="test_use_no_token_returns_401" time="0.113" /><testcase classname="backend.tests.test_annotation_templates.TestCreateUseDelete" name="test_create_new_template" time="0.207" /><testcase classname="backend.tests.test_annotation_templates.TestCreateUseDelete" name="test_create_duplicate_returns_existing" time="0.350" /><testcase classname="backend.tests.test_annotation_templates.TestCreateUseDelete" name="test_create_invalid_type_returns_400" time="0.129" /><testcase classname="backend.tests.test_annotation_templates.TestCreateUseDelete" name="test_use_increments_and_floats_to_top" time="0.709" /><testcase classname="backend.tests.test_annotation_templates.TestCreateUseDelete" name="test_delete_removes_template" time="0.309" /><testcase classname="backend.tests.test_annotation_templates.TestCreateUseDelete" name="test_delete_unknown_returns_404" time="0.107" /><testcase classname="backend.tests.test_annotation_templates.TestCreateUseDelete" name="test_use_unknown_returns_404" time="0.099" /><testcase classname="backend.tests.test_annotation_templates.TestIsolation" name="test_user_b_cannot_see_user_a_template" time="0.875" /></testsuite></testsuites>