<?xml version="1.0" encoding="utf-8"?><testsuites name="pytest tests"><testsuite name="pytest" errors="0" failures="0" skipped="5" tests="146" time="129.939" timestamp="2026-04-30T04:34:13.566089+00:00" hostname="agent-env-71a126e7-ebd7-4add-81d0-147a3aeb2fff"><testcase classname="backend.tests.test_annotation_templates.TestSeedAndList" name="test_first_call_seeds_10_defaults" time="0.560" /><testcase classname="backend.tests.test_annotation_templates.TestSeedAndList" name="test_seed_distribution" time="0.119" /><testcase classname="backend.tests.test_annotation_templates.TestSeedAndList" name="test_filter_by_tactical" time="0.114" /><testcase classname="backend.tests.test_annotation_templates.TestSeedAndList" name="test_filter_invalid_type_returns_400" time="0.108" /><testcase classname="backend.tests.test_annotation_templates.TestSeedAndList" name="test_sort_usage_desc_then_created_asc" time="0.097" /><testcase classname="backend.tests.test_annotation_templates.TestAuth" name="test_get_no_token_returns_401" time="0.103" /><testcase classname="backend.tests.test_annotation_templates.TestAuth" name="test_get_invalid_token_returns_401" time="0.098" /><testcase classname="backend.tests.test_annotation_templates.TestAuth" name="test_post_no_token_returns_401" time="0.096" /><testcase classname="backend.tests.test_annotation_templates.TestAuth" name="test_delete_no_token_returns_401" time="0.104" /><testcase classname="backend.tests.test_annotation_templates.TestAuth" name="test_use_no_token_returns_401" time="0.102" /><testcase classname="backend.tests.test_annotation_templates.TestCreateUseDelete" name="test_create_new_template" time="0.206" /><testcase classname="backend.tests.test_annotation_templates.TestCreateUseDelete" name="test_create_duplicate_returns_existing" time="0.318" /><testcase classname="backend.tests.test_annotation_templates.TestCreateUseDelete" name="test_create_invalid_type_returns_400" time="0.109" /><testcase classname="backend.tests.test_annotation_templates.TestCreateUseDelete" name="test_use_increments_and_floats_to_top" time="0.651" /><testcase classname="backend.tests.test_annotation_templates.TestCreateUseDelete" name="test_delete_removes_template" time="0.316" /><testcase classname="backend.tests.test_annotation_templates.TestCreateUseDelete" name="test_delete_unknown_returns_404" time="0.101" /><testcase classname="backend.tests.test_annotation_templates.TestCreateUseDelete" name="test_use_unknown_returns_404" time="0.104" /><testcase classname="backend.tests.test_annotation_templates.TestIsolation" name="test_user_b_cannot_see_user_a_template" time="0.858" /><testcase classname="backend.tests.test_coach_pulse.TestSubscription" name="test_get_subscription_auto_creates" time="0.099" /><testcase classname="backend.tests.test_coach_pulse.TestSubscription" name="test_get_subscription_requires_auth" time="0.100" /><testcase classname="backend.tests.test_coach_pulse.TestSubscription" name="test_subscribe_sets_active" time="0.209" /><testcase classname="backend.tests.test_coach_pulse.TestSubscription" name="test_unsubscribe_sets_inactive" time="0.200" /><testcase classname="backend.tests.test_coach_pulse.TestSubscription" name="test_subscribe_requires_auth" time="0.098" /><testcase classname="backend.tests.test_coach_pulse.TestSubscription" name="test_unsubscribe_requires_auth" time="0.092" /><testcase classname="backend.tests.test_coach_pulse.TestPreview" name="test_preview_returns_html" time="0.106" /><testcase classname="backend.tests.test_coach_pulse.TestPreview" name="test_preview_requires_auth" time="0.116" /><testcase classname="backend.tests.test_coach_pulse.TestPublicUnsubscribe" name="test_invalid_token_returns_expired_html" time="0.110" /><testcase classname="backend.tests.test_coach_pulse.TestPublicUnsubscribe" name="test_valid_token_unsubscribes" time="0.210" /><testcase classname="backend.tests.test_coach_pulse.TestSendTest" name="test_send_test_requires_auth" time="0.099" /><testcase classname="backend.tests.test_coach_pulse.TestSendTest" name="test_send_test_graceful" time="0.332" /><testcase classname="backend.tests.test_coach_pulse.TestSendWeekly" name="test_send_weekly_requires_auth" time="0.107" /><testcase classname="backend.tests.test_coach_pulse.TestSendWeekly" name="test_send_weekly_admin_gate" time="0.219" /><testcase classname="backend.tests.test_coach_pulse.TestEmailTemplate" name="test_render_network_not_ready" time="0.002" /><testcase classname="backend.tests.test_coach_pulse.TestEmailTemplate" name="test_render_network_ready" time="0.000" /><testcase classname="backend.tests.test_iter11_new_features.TestAuthMe" name="test_auth_me_returns_role_and_no_password" time="0.116" /><testcase classname="backend.tests.test_iter11_new_features.TestAdminEndpoints" name="test_admin_list_users_as_admin" time="0.135" /><testcase classname="backend.tests.test_iter11_new_features.TestAdminEndpoints" name="test_admin_list_users_q_filter" time="0.101" /><testcase classname="backend.tests.test_iter11_new_features.TestAdminEndpoints" name="test_admin_list_users_as_non_admin_403" time="0.428" /><testcase classname="backend.tests.test_iter11_new_features.TestAdminEndpoints" name="test_admin_invalid_role_400" time="0.238" /><testcase classname="backend.tests.test_iter11_new_features.TestAdminEndpoints" name="test_admin_promote_demote_roundtrip" time="0.647" /><testcase classname="backend.tests.test_iter11_new_features.TestAdminEndpoints" name="test_admin_self_demote_when_other_admin_exists" time="0.525" /><testcase classname="backend.tests.test_iter11_new_features.TestMentions" name="test_mentionable_coaches_basic" time="0.107" /><testcase classname="backend.tests.test_iter11_new_features.TestMentions" name="test_mentionable_coaches_q_filter" time="0.126" /><testcase classname="backend.tests.test_iter11_new_features.TestManualResult" name="test_save_manual_result_win" time="0.215" /><testcase classname="backend.tests.test_iter11_new_features.TestManualResult" name="test_get_manual_result" time="0.099" /><testcase classname="backend.tests.test_iter11_new_features.TestManualResult" name="test_matches_list_includes_manual_result" time="0.127" /><testcase classname="backend.tests.test_iter11_new_features.TestManualResult" name="test_manual_result_score_bounds" time="0.117" /><testcase classname="backend.tests.test_iter11_new_features.TestManualResult" name="test_manual_result_outcome_loss_then_draw" time="0.234" /><testcase classname="backend.tests.test_iter11_new_features.TestManualResult" name="test_delete_manual_result" time="0.615" /><testcase classname="backend.tests.test_iter11_new_features.TestSeasonTrendsManual" name="test_season_trends_includes_manual" time="0.617" /><testcase classname="backend.tests.test_iter11_new_features.TestStorageDedup" name="test_server_does_not_redefine_storage_funcs" time="0.001" /><testcase classname="backend.tests.test_iter11_new_features.TestStorageDedup" name="test_services_storage_is_importable" time="0.063" /><testcase classname="backend.tests.test_iter11_new_features.TestClipCollectionMentions" name="test_create_collection_with_mentions_field_accepted" time="0.125"><skipped type="pytest.skip" message="No clips available to attach to a collection">/app/backend/tests/test_iter11_new_features.py:353: No clips available to attach to a collection</skipped></testcase><testcase classname="backend.tests.test_iter12_new_features.TestMentionsList" name="test_get_mentions_returns_array" time="0.109" /><testcase classname="backend.tests.test_iter12_new_features.TestMentionsList" name="test_get_mentions_unread_only_filter" time="0.107" /><testcase classname="backend.tests.test_iter12_new_features.TestMentionMarkRead" name="test_mark_read_unknown_id_404" time="0.102" /><testcase classname="backend.tests.test_iter12_new_features.TestMentionMarkRead" name="test_read_all_returns_updated_count" time="0.107" /><testcase classname="backend.tests.test_iter12_new_features.TestAdminPreview" name="test_admin_preview_200_for_admin" time="0.216" /><testcase classname="backend.tests.test_iter12_new_features.TestAdminPreview" name="test_admin_preview_404_unknown_user" time="0.102" /><testcase classname="backend.tests.test_iter12_new_features.TestAdminPreview" name="test_admin_preview_403_for_non_admin" time="0.419" /><testcase classname="backend.tests.test_iter12_new_features.TestMentionE2E" name="test_create_collection_with_mention_surfaces_to_target" time="0.155"><skipped type="pytest.skip" message="testcoach has no clips — can't build a collection for E2E mention test">/app/backend/tests/test_iter12_new_features.py:118: testcoach has no clips — can't build a collection for E2E mention test</skipped></testcase><testcase classname="backend.tests.test_push_notifications.TestVapidKey" name="test_vapid_key_no_auth_required" time="0.111" /><testcase classname="backend.tests.test_push_notifications.TestAuthGating" name="test_requires_auth[post-/api/push/subscribe-body0]" time="0.093" /><testcase classname="backend.tests.test_push_notifications.TestAuthGating" name="test_requires_auth[post-/api/push/unsubscribe-body1]" time="0.105" /><testcase classname="backend.tests.test_push_notifications.TestAuthGating" name="test_requires_auth[get-/api/push/subscriptions-None]" time="0.137" /><testcase classname="backend.tests.test_push_notifications.TestAuthGating" name="test_requires_auth[post-/api/push/send-test-None]" time="0.102" /><testcase classname="backend.tests.test_push_notifications.TestPushCRUD" name="test_subscribe_upsert_idempotent" time="0.292" /><testcase classname="backend.tests.test_push_notifications.TestPushCRUD" name="test_unsubscribe_missing_endpoint_returns_422" time="0.046" /><testcase classname="backend.tests.test_push_notifications.TestPushCRUD" name="test_unsubscribe_unknown_endpoint_deletes_zero" time="0.056" /><testcase classname="backend.tests.test_push_notifications.TestPushCRUD" name="test_subscriptions_count_returns_configured" time="0.046" /><testcase classname="backend.tests.test_push_notifications.TestPushCRUD" name="test_send_test_with_fake_endpoint_does_not_crash" time="0.193" /><testcase classname="backend.tests.test_push_notifications.TestCrossUserIsolation" name="test_unsubscribe_cannot_delete_other_users_sub" time="0.853" /><testcase classname="backend.tests.test_push_notifications.TestServicePruning" name="test_send_to_user_prunes_410_and_increments_removed" time="0.573" /><testcase classname="backend.tests.test_push_notifications.TestServicePruning" name="test_send_to_user_no_subs_returns_zero" time="0.001" /><testcase classname="backend.tests.test_push_notifications.TestHookIntegration" name="test_server_imports_push_router_and_send_to_user" time="0.162" /><testcase classname="backend.tests.test_push_notifications.TestHookIntegration" name="test_shared_clip_route_is_mounted_from_routes_clips" time="0.245" /><testcase classname="backend.tests.test_refactor_iter10.TestBootIdConsistency" name="test_heartbeat_returns_boot_id" time="0.103" /><testcase classname="backend.tests.test_refactor_iter10.TestBootIdConsistency" name="test_processing_status_boot_id_matches_heartbeat" time="10.559" /><testcase classname="backend.tests.test_refactor_iter10.TestProcessingWrappers" name="test_reprocess_404_on_missing_video" time="30.201" /><testcase classname="backend.tests.test_refactor_iter10.TestProcessingWrappers" name="test_generate_analysis_404_on_missing_video" time="0.156" /><testcase classname="backend.tests.test_refactor_iter10.TestProcessingWrappers" name="test_generate_trimmed_404_on_missing_video" time="0.105" /><testcase classname="backend.tests.test_refactor_iter10.TestProcessingWrappers" name="test_reprocess_returns_already_complete_or_started" time="0.121" /><testcase classname="backend.tests.test_refactor_iter10" name="test_crud_endpoint_returns_200[/api/matches]" time="0.131" /><testcase classname="backend.tests.test_refactor_iter10" name="test_crud_endpoint_returns_200[/api/folders]" time="0.124" /><testcase classname="backend.tests.test_refactor_iter10" name="test_crud_endpoint_returns_200[/api/clubs]" time="0.120" /><testcase classname="backend.tests.test_refactor_iter10" name="test_crud_endpoint_returns_200[/api/teams]" time="0.105" /><testcase classname="backend.tests.test_refactor_iter10" name="test_crud_endpoint_returns_200[/api/coach-network/benchmarks]" time="0.110" /><testcase classname="backend.tests.test_refactor_iter10" name="test_crud_endpoint_returns_200[/api/coach-pulse/subscription]" time="0.106" /><testcase classname="backend.tests.test_refactor_iter10" name="test_crud_endpoint_returns_200[/api/annotation-templates]" time="0.105" /><testcase classname="backend.tests.test_regression_sweep.TestClipTaggingAndProfile" name="test_patch_clip_player_ids_and_appears_in_profile" time="0.357" /><testcase classname="backend.tests.test_regression_sweep.TestClipTaggingAndProfile" name="test_patch_clip_unknown_id_returns_404" time="5.255" /><testcase classname="backend.tests.test_regression_sweep.TestClipTaggingAndProfile" name="test_profile_requires_auth" time="0.145" /><testcase classname="backend.tests.test_regression_sweep.TestPlayerShare" name="test_player_share_toggle_and_public_sanitized" time="0.311" /><testcase classname="backend.tests.test_regression_sweep.TestPlayerShare" name="test_shared_player_bad_token" time="0.109" /><testcase classname="backend.tests.test_regression_sweep.TestTeamShare" name="test_team_share_toggle_and_public_sanitized" time="0.319" /><testcase classname="backend.tests.test_regression_sweep.TestTeamShare" name="test_shared_team_bad_token" time="0.116" /><testcase classname="backend.tests.test_regression_sweep.TestMultiTeam" name="test_add_player_to_additional_team_other_season_ok" time="0.315" /><testcase classname="backend.tests.test_regression_sweep.TestMultiTeam" name="test_season_cap_enforced_on_add" time="0.970" /><testcase classname="backend.tests.test_regression_sweep.TestMultiTeam" name="test_delete_player_from_team_keeps_record" time="0.870" /><testcase classname="backend.tests.test_regression_sweep.TestMultiTeam" name="test_eligible_players_endpoint_and_at_cap_flag" time="1.174" /><testcase classname="backend.tests.test_regression_sweep.TestPromote" name="test_promote_clones_team_and_appends_team_id_to_roster" time="1.231" /><testcase classname="backend.tests.test_regression_sweep.TestPromote" name="test_promote_same_season_rejected" time="0.341" /><testcase classname="backend.tests.test_regression_sweep.TestClipCollections" name="test_create_list_share_and_delete" time="0.518" /><testcase classname="backend.tests.test_regression_sweep.TestClipCollections" name="test_create_with_unknown_clip_ids_returns_400" time="0.099" /><testcase classname="backend.tests.test_regression_sweep.TestOGEndpoints" name="test_og_player_html_and_image" time="0.665" /><testcase classname="backend.tests.test_regression_sweep.TestOGEndpoints" name="test_og_team_html_and_image" time="0.805" /><testcase classname="backend.tests.test_regression_sweep.TestOGEndpoints" name="test_og_clip_collection_html_and_image" time="0.485" /><testcase classname="backend.tests.test_regression_sweep.TestOGEndpoints" name="test_og_clip_html_and_image" time="0.479" /><testcase classname="backend.tests.test_regression_sweep.TestOGEndpoints" name="test_og_folder_bad_token_404" time="0.097" /><testcase classname="backend.tests.test_regression_sweep.TestOGEndpoints" name="test_og_clip_bad_token_404" time="0.121" /><testcase classname="backend.tests.test_regression_sweep.TestOGEndpoints" name="test_og_team_bad_token_404" time="0.102" /><testcase classname="backend.tests.test_regression_sweep.TestOGEndpoints" name="test_og_clip_collection_bad_token_404" time="0.122" /><testcase classname="backend.tests.test_shared_folders.TestSharedPublic" name="test_get_shared_folder_with_existing_token" time="0.110" /><testcase classname="backend.tests.test_shared_folders.TestSharedPublic" name="test_get_shared_folder_invalid_token" time="0.101" /><testcase classname="backend.tests.test_shared_folders.TestSharedPublic" name="test_get_shared_match_detail" time="0.214" /><testcase classname="backend.tests.test_shared_folders.TestSharedPublic" name="test_get_shared_match_detail_invalid_match" time="36.240" /><testcase classname="backend.tests.test_shared_folders.TestSharedPublic" name="test_get_shared_match_detail_invalid_token" time="0.159" /><testcase classname="backend.tests.test_shared_folders.TestSharedPublic" name="test_shared_video_stream" time="0.680" /><testcase classname="backend.tests.test_shared_folders.TestSharedPublic" name="test_shared_video_invalid_token" time="0.117" /><testcase classname="backend.tests.test_shared_folders.TestShareToggle" name="test_share_private_folder_returns_400" time="0.314" /><testcase classname="backend.tests.test_shared_folders.TestShareToggle" name="test_share_public_folder_generate_then_revoke" time="0.664" /><testcase classname="backend.tests.test_shared_folders.TestShareToggle" name="test_share_nonexistent_folder" time="0.115" /><testcase classname="backend.tests.test_shared_folders.TestShareToggle" name="test_share_requires_auth" time="3.206" /><testcase classname="backend.tests.test_video_routes.TestVideoAccessToken" name="test_access_token_requires_auth" time="0.118" /><testcase classname="backend.tests.test_video_routes.TestVideoAccessToken" name="test_access_token_404_for_unknown_video" time="0.103" /><testcase classname="backend.tests.test_video_routes.TestVideoAccessToken" name="test_access_token_returns_valid_jwt" time="0.112" /><testcase classname="backend.tests.test_video_routes.TestVideoMetadata" name="test_metadata_requires_auth" time="0.115" /><testcase classname="backend.tests.test_video_routes.TestVideoMetadata" name="test_metadata_404_unknown" time="0.117" /><testcase classname="backend.tests.test_video_routes.TestVideoMetadata" name="test_metadata_schema_and_no_large_fields" time="0.107" /><testcase classname="backend.tests.test_video_routes.TestVideoMetadata" name="test_metadata_includes_chunk_integrity_when_chunked" time="0.118" /><testcase classname="backend.tests.test_video_routes.TestVideoProcessingStatus" name="test_processing_status_requires_auth" time="0.105" /><testcase classname="backend.tests.test_video_routes.TestVideoProcessingStatus" name="test_processing_status_404_unknown" time="0.113" /><testcase classname="backend.tests.test_video_routes.TestVideoProcessingStatus" name="test_processing_status_payload_shape" time="0.100" /><testcase classname="backend.tests.test_video_routes.TestVideoProcessingStatus" name="test_processing_status_reflects_completed_analyses" time="0.123" /><testcase classname="backend.tests.test_video_routes.TestNoDuplicateRoute" name="test_no_410_gone" time="3.412" /><testcase classname="backend.tests.test_voice_annotations.TestAuthAndValidation" name="test_post_without_auth_returns_401_or_403" time="0.099" /><testcase classname="backend.tests.test_voice_annotations.TestAuthAndValidation" name="test_nonexistent_video_returns_404" time="0.444" /><testcase classname="backend.tests.test_voice_annotations.TestAuthAndValidation" name="test_cross_user_video_returns_404" time="0.446" /><testcase classname="backend.tests.test_voice_annotations.TestAuthAndValidation" name="test_empty_audio_returns_400" time="0.099" /><testcase classname="backend.tests.test_voice_annotations.TestAuthAndValidation" name="test_oversized_audio_returns_413" time="1.140" /><testcase classname="backend.tests.test_voice_annotations.TestEndToEnd" name="test_real_transcription_and_tactical_classification" time="0.000"><skipped type="pytest.skip" message="/tmp/voice.wav missing">/app/backend/tests/test_voice_annotations.py:134: /tmp/voice.wav missing</skipped></testcase><testcase classname="backend.tests.test_voice_annotations.TestEndToEnd" name="test_voice_annotation_appears_in_get_annotations_with_source_voice" time="0.000"><skipped type="pytest.skip" message="no voice annotation created in previous test">/app/backend/tests/test_voice_annotations.py:174: no voice annotation created in previous test</skipped></testcase><testcase classname="backend.tests.test_voice_annotations.TestErrorPaths" name="test_classify_fallback_on_malformed_json" time="8.752"><skipped type="pytest.skip" message="in-process patch did not propagate to remote server: 502">/app/backend/tests/test_voice_annotations.py:237: in-process patch did not propagate to remote server: 502</skipped></testcase><testcase classname="backend.tests.test_voice_annotations.TestUnitClassifyFallback" name="test_classify_returns_note_zero_on_malformed_json" time="0.001" /><testcase classname="backend.tests.test_voice_annotations.TestUnitClassifyFallback" name="test_classify_returns_note_zero_on_empty_transcript" time="0.000" /><testcase classname="backend.tests.test_voice_annotations.TestMissingKeyPath" name="test_transcribe_raises_503_when_key_missing" time="0.002" /></testsuite></testsuites>