<?xml version="1.0" encoding="utf-8"?><testsuites name="pytest tests"><testsuite name="pytest" errors="0" failures="0" skipped="0" tests="12" time="2.386" timestamp="2026-04-29T22:04:03.683655+00:00" hostname="agent-env-71a126e7-ebd7-4add-81d0-147a3aeb2fff"><testcase classname="backend.tests.test_video_routes.TestVideoAccessToken" name="test_access_token_requires_auth" time="0.164" /><testcase classname="backend.tests.test_video_routes.TestVideoAccessToken" name="test_access_token_404_for_unknown_video" time="0.530" /><testcase classname="backend.tests.test_video_routes.TestVideoAccessToken" name="test_access_token_returns_valid_jwt" time="0.142" /><testcase classname="backend.tests.test_video_routes.TestVideoMetadata" name="test_metadata_requires_auth" time="0.128" /><testcase classname="backend.tests.test_video_routes.TestVideoMetadata" name="test_metadata_404_unknown" time="0.133" /><testcase classname="backend.tests.test_video_routes.TestVideoMetadata" name="test_metadata_schema_and_no_large_fields" time="0.130" /><testcase classname="backend.tests.test_video_routes.TestVideoMetadata" name="test_metadata_includes_chunk_integrity_when_chunked" time="0.123" /><testcase classname="backend.tests.test_video_routes.TestVideoProcessingStatus" name="test_processing_status_requires_auth" time="0.145" /><testcase classname="backend.tests.test_video_routes.TestVideoProcessingStatus" name="test_processing_status_404_unknown" time="0.129" /><testcase classname="backend.tests.test_video_routes.TestVideoProcessingStatus" name="test_processing_status_payload_shape" time="0.156" /><testcase classname="backend.tests.test_video_routes.TestVideoProcessingStatus" name="test_processing_status_reflects_completed_analyses" time="0.135" /><testcase classname="backend.tests.test_video_routes.TestNoDuplicateRoute" name="test_no_410_gone" time="0.439" /></testsuite></testsuites>