<?xml version="1.0" encoding="utf-8"?><testsuites name="pytest tests"><testsuite name="pytest" errors="0" failures="1" skipped="1" tests="19" time="5.081" timestamp="2026-04-30T04:12:38.107835+00:00" hostname="agent-env-71a126e7-ebd7-4add-81d0-147a3aeb2fff"><testcase classname="tests.test_iter11_new_features.TestAuthMe" name="test_auth_me_returns_role_and_no_password" time="0.490" /><testcase classname="tests.test_iter11_new_features.TestAdminEndpoints" name="test_admin_list_users_as_admin" time="0.148" /><testcase classname="tests.test_iter11_new_features.TestAdminEndpoints" name="test_admin_list_users_q_filter" time="0.113" /><testcase classname="tests.test_iter11_new_features.TestAdminEndpoints" name="test_admin_list_users_as_non_admin_403" time="0.453" /><testcase classname="tests.test_iter11_new_features.TestAdminEndpoints" name="test_admin_invalid_role_400" time="0.228" /><testcase classname="tests.test_iter11_new_features.TestAdminEndpoints" name="test_admin_promote_demote_roundtrip" time="0.622" /><testcase classname="tests.test_iter11_new_features.TestAdminEndpoints" name="test_admin_self_demote_when_other_admin_exists" time="0.563" /><testcase classname="tests.test_iter11_new_features.TestMentions" name="test_mentionable_coaches_basic" time="0.116" /><testcase classname="tests.test_iter11_new_features.TestMentions" name="test_mentionable_coaches_q_filter" time="0.108" /><testcase classname="tests.test_iter11_new_features.TestManualResult" name="test_save_manual_result_win" time="0.245" /><testcase classname="tests.test_iter11_new_features.TestManualResult" name="test_get_manual_result" time="0.105" /><testcase classname="tests.test_iter11_new_features.TestManualResult" name="test_matches_list_includes_manual_result" time="0.117" /><testcase classname="tests.test_iter11_new_features.TestManualResult" name="test_manual_result_score_bounds" time="0.119" /><testcase classname="tests.test_iter11_new_features.TestManualResult" name="test_manual_result_outcome_loss_then_draw" time="0.216" /><testcase classname="tests.test_iter11_new_features.TestManualResult" name="test_delete_manual_result" time="0.536"><failure message="assert (404 == 200)&#10; +  where 404 = &lt;Response [404]&gt;.status_code">tests/test_iter11_new_features.py:261: in test_delete_manual_result
    assert g.status_code == 200 and g.json() == {}
E   assert (404 == 200)
E    +  where 404 = &lt;Response [404]&gt;.status_code</failure></testcase><testcase classname="tests.test_iter11_new_features.TestSeasonTrendsManual" name="test_season_trends_includes_manual" time="0.632" /><testcase classname="tests.test_iter11_new_features.TestStorageDedup" name="test_server_does_not_redefine_storage_funcs" time="0.001" /><testcase classname="tests.test_iter11_new_features.TestStorageDedup" name="test_services_storage_is_importable" time="0.072" /><testcase classname="tests.test_iter11_new_features.TestClipCollectionMentions" name="test_create_collection_with_mentions_field_accepted" time="0.120"><skipped type="pytest.skip" message="No clips available to attach to a collection">/app/backend/tests/test_iter11_new_features.py:353: No clips available to attach to a collection</skipped></testcase></testsuite></testsuites>