<?xml version="1.0" encoding="utf-8"?><testsuites name="pytest tests"><testsuite name="pytest" errors="0" failures="1" skipped="4" tests="138" time="83.940" timestamp="2026-04-30T04:12:58.050387+00:00" hostname="agent-env-71a126e7-ebd7-4add-81d0-147a3aeb2fff"><testcase classname="tests.test_annotation_templates.TestSeedAndList" name="test_first_call_seeds_10_defaults" time="0.562" /><testcase classname="tests.test_annotation_templates.TestSeedAndList" name="test_seed_distribution" time="0.112" /><testcase classname="tests.test_annotation_templates.TestSeedAndList" name="test_filter_by_tactical" time="0.113" /><testcase classname="tests.test_annotation_templates.TestSeedAndList" name="test_filter_invalid_type_returns_400" time="0.106" /><testcase classname="tests.test_annotation_templates.TestSeedAndList" name="test_sort_usage_desc_then_created_asc" time="0.127" /><testcase classname="tests.test_annotation_templates.TestAuth" name="test_get_no_token_returns_401" time="0.102" /><testcase classname="tests.test_annotation_templates.TestAuth" name="test_get_invalid_token_returns_401" time="0.094" /><testcase classname="tests.test_annotation_templates.TestAuth" name="test_post_no_token_returns_401" time="0.103" /><testcase classname="tests.test_annotation_templates.TestAuth" name="test_delete_no_token_returns_401" time="0.096" /><testcase classname="tests.test_annotation_templates.TestAuth" name="test_use_no_token_returns_401" time="0.104" /><testcase classname="tests.test_annotation_templates.TestCreateUseDelete" name="test_create_new_template" time="0.217" /><testcase classname="tests.test_annotation_templates.TestCreateUseDelete" name="test_create_duplicate_returns_existing" time="0.294" /><testcase classname="tests.test_annotation_templates.TestCreateUseDelete" name="test_create_invalid_type_returns_400" time="0.098" /><testcase classname="tests.test_annotation_templates.TestCreateUseDelete" name="test_use_increments_and_floats_to_top" time="0.634" /><testcase classname="tests.test_annotation_templates.TestCreateUseDelete" name="test_delete_removes_template" time="0.307" /><testcase classname="tests.test_annotation_templates.TestCreateUseDelete" name="test_delete_unknown_returns_404" time="0.097" /><testcase classname="tests.test_annotation_templates.TestCreateUseDelete" name="test_use_unknown_returns_404" time="0.102" /><testcase classname="tests.test_annotation_templates.TestIsolation" name="test_user_b_cannot_see_user_a_template" time="0.875" /><testcase classname="tests.test_coach_pulse.TestSubscription" name="test_get_subscription_auto_creates" time="0.117" /><testcase classname="tests.test_coach_pulse.TestSubscription" name="test_get_subscription_requires_auth" time="0.100" /><testcase classname="tests.test_coach_pulse.TestSubscription" name="test_subscribe_sets_active" time="0.212" /><testcase classname="tests.test_coach_pulse.TestSubscription" name="test_unsubscribe_sets_inactive" time="0.193" /><testcase classname="tests.test_coach_pulse.TestSubscription" name="test_subscribe_requires_auth" time="0.107" /><testcase classname="tests.test_coach_pulse.TestSubscription" name="test_unsubscribe_requires_auth" time="0.098" /><testcase classname="tests.test_coach_pulse.TestPreview" name="test_preview_returns_html" time="0.135" /><testcase classname="tests.test_coach_pulse.TestPreview" name="test_preview_requires_auth" time="0.120" /><testcase classname="tests.test_coach_pulse.TestPublicUnsubscribe" name="test_invalid_token_returns_expired_html" time="0.104" /><testcase classname="tests.test_coach_pulse.TestPublicUnsubscribe" name="test_valid_token_unsubscribes" time="0.196" /><testcase classname="tests.test_coach_pulse.TestSendTest" name="test_send_test_requires_auth" time="0.096" /><testcase classname="tests.test_coach_pulse.TestSendTest" name="test_send_test_graceful" time="0.338" /><testcase classname="tests.test_coach_pulse.TestSendWeekly" name="test_send_weekly_requires_auth" time="0.103" /><testcase classname="tests.test_coach_pulse.TestSendWeekly" name="test_send_weekly_admin_gate" time="0.199" /><testcase classname="tests.test_coach_pulse.TestEmailTemplate" name="test_render_network_not_ready" time="0.002" /><testcase classname="tests.test_coach_pulse.TestEmailTemplate" name="test_render_network_ready" time="0.000" /><testcase classname="tests.test_iter11_new_features.TestAuthMe" name="test_auth_me_returns_role_and_no_password" time="0.101" /><testcase classname="tests.test_iter11_new_features.TestAdminEndpoints" name="test_admin_list_users_as_admin" time="0.128" /><testcase classname="tests.test_iter11_new_features.TestAdminEndpoints" name="test_admin_list_users_q_filter" time="0.102" /><testcase classname="tests.test_iter11_new_features.TestAdminEndpoints" name="test_admin_list_users_as_non_admin_403" time="0.441" /><testcase classname="tests.test_iter11_new_features.TestAdminEndpoints" name="test_admin_invalid_role_400" time="0.225" /><testcase classname="tests.test_iter11_new_features.TestAdminEndpoints" name="test_admin_promote_demote_roundtrip" time="0.640" /><testcase classname="tests.test_iter11_new_features.TestAdminEndpoints" name="test_admin_self_demote_when_other_admin_exists" time="0.526" /><testcase classname="tests.test_iter11_new_features.TestMentions" name="test_mentionable_coaches_basic" time="0.110" /><testcase classname="tests.test_iter11_new_features.TestMentions" name="test_mentionable_coaches_q_filter" time="0.116" /><testcase classname="tests.test_iter11_new_features.TestManualResult" name="test_save_manual_result_win" time="0.217" /><testcase classname="tests.test_iter11_new_features.TestManualResult" name="test_get_manual_result" time="0.107" /><testcase classname="tests.test_iter11_new_features.TestManualResult" name="test_matches_list_includes_manual_result" time="0.102" /><testcase classname="tests.test_iter11_new_features.TestManualResult" name="test_manual_result_score_bounds" time="0.116" /><testcase classname="tests.test_iter11_new_features.TestManualResult" name="test_manual_result_outcome_loss_then_draw" time="0.206" /><testcase classname="tests.test_iter11_new_features.TestManualResult" name="test_delete_manual_result" time="0.508"><failure message="assert (404 == 200)&#10; +  where 404 = &lt;Response [404]&gt;.status_code">self = &lt;test_iter11_new_features.TestManualResult object at 0xff517ab0ac50&gt;
auth_headers = {'Authorization': 'Bearer eyJhbGciOiJIUzI1NiIsInR5cCI6IkpXVCJ9.eyJ1c2VyX2lkIjoiODM5M2RlMGItNzU1ZC00MDdhLWI0OTItZmJhNTB...AZGVtby5jb20iLCJleHAiOjE3NzgxMjcxNzh9.dgHs6uc-oZekR7IjMun5zaZ95VrfsOne8XA8nC1usGs', 'Content-Type': 'application/json'}

    def test_delete_manual_result(self, auth_headers):
        # Create a temp match dedicated to delete
        m = requests.post(
            f"{BASE_URL}/api/matches",
            json={"team_home": "TEST_DEL_H", "team_away": "TEST_DEL_A", "date": "2026-04-30", "competition": "TEST"},
            headers=auth_headers, timeout=10,
        ).json()
        mid = m["id"]
        requests.put(
            f"{BASE_URL}/api/matches/{mid}/manual-result",
            json={"home_score": 1, "away_score": 0, "key_events": [], "notes": ""},
            headers=auth_headers, timeout=10,
        )
        d = requests.delete(f"{BASE_URL}/api/matches/{mid}/manual-result", headers=auth_headers, timeout=10)
        assert d.status_code == 200
        # GET should be empty
        g = requests.get(f"{BASE_URL}/api/matches/{mid}/manual-result", headers=auth_headers, timeout=10)
&gt;       assert g.status_code == 200 and g.json() == {}
E       assert (404 == 200)
E        +  where 404 = &lt;Response [404]&gt;.status_code

tests/test_iter11_new_features.py:261: AssertionError</failure></testcase><testcase classname="tests.test_iter11_new_features.TestSeasonTrendsManual" name="test_season_trends_includes_manual" time="0.654" /><testcase classname="tests.test_iter11_new_features.TestStorageDedup" name="test_server_does_not_redefine_storage_funcs" time="0.001" /><testcase classname="tests.test_iter11_new_features.TestStorageDedup" name="test_services_storage_is_importable" time="0.063" /><testcase classname="tests.test_iter11_new_features.TestClipCollectionMentions" name="test_create_collection_with_mentions_field_accepted" time="0.110"><skipped type="pytest.skip" message="No clips available to attach to a collection">/app/backend/tests/test_iter11_new_features.py:353: No clips available to attach to a collection</skipped></testcase><testcase classname="tests.test_push_notifications.TestVapidKey" name="test_vapid_key_no_auth_required" time="0.120" /><testcase classname="tests.test_push_notifications.TestAuthGating" name="test_requires_auth[post-/api/push/subscribe-body0]" time="0.103" /><testcase classname="tests.test_push_notifications.TestAuthGating" name="test_requires_auth[post-/api/push/unsubscribe-body1]" time="0.139" /><testcase classname="tests.test_push_notifications.TestAuthGating" name="test_requires_auth[get-/api/push/subscriptions-None]" time="0.103" /><testcase classname="tests.test_push_notifications.TestAuthGating" name="test_requires_auth[post-/api/push/send-test-None]" time="0.371" /><testcase classname="tests.test_push_notifications.TestPushCRUD" name="test_subscribe_upsert_idempotent" time="0.321" /><testcase classname="tests.test_push_notifications.TestPushCRUD" name="test_unsubscribe_missing_endpoint_returns_422" time="0.049" /><testcase classname="tests.test_push_notifications.TestPushCRUD" name="test_unsubscribe_unknown_endpoint_deletes_zero" time="0.052" /><testcase classname="tests.test_push_notifications.TestPushCRUD" name="test_subscriptions_count_returns_configured" time="0.052" /><testcase classname="tests.test_push_notifications.TestPushCRUD" name="test_send_test_with_fake_endpoint_does_not_crash" time="0.153" /><testcase classname="tests.test_push_notifications.TestCrossUserIsolation" name="test_unsubscribe_cannot_delete_other_users_sub" time="0.817" /><testcase classname="tests.test_push_notifications.TestServicePruning" name="test_send_to_user_prunes_410_and_increments_removed" time="0.538" /><testcase classname="tests.test_push_notifications.TestServicePruning" name="test_send_to_user_no_subs_returns_zero" time="0.001" /><testcase classname="tests.test_push_notifications.TestHookIntegration" name="test_server_imports_push_router_and_send_to_user" time="0.148" /><testcase classname="tests.test_push_notifications.TestHookIntegration" name="test_shared_clip_route_is_mounted_from_routes_clips" time="0.231" /><testcase classname="tests.test_refactor_iter10.TestBootIdConsistency" name="test_heartbeat_returns_boot_id" time="0.098" /><testcase classname="tests.test_refactor_iter10.TestBootIdConsistency" name="test_processing_status_boot_id_matches_heartbeat" time="0.651" /><testcase classname="tests.test_refactor_iter10.TestProcessingWrappers" name="test_reprocess_404_on_missing_video" time="0.118" /><testcase classname="tests.test_refactor_iter10.TestProcessingWrappers" name="test_generate_analysis_404_on_missing_video" time="0.103" /><testcase classname="tests.test_refactor_iter10.TestProcessingWrappers" name="test_generate_trimmed_404_on_missing_video" time="0.097" /><testcase classname="tests.test_refactor_iter10.TestProcessingWrappers" name="test_reprocess_returns_already_complete_or_started" time="0.100" /><testcase classname="tests.test_refactor_iter10" name="test_crud_endpoint_returns_200[/api/matches]" time="0.120" /><testcase classname="tests.test_refactor_iter10" name="test_crud_endpoint_returns_200[/api/folders]" time="0.116" /><testcase classname="tests.test_refactor_iter10" name="test_crud_endpoint_returns_200[/api/clubs]" time="0.102" /><testcase classname="tests.test_refactor_iter10" name="test_crud_endpoint_returns_200[/api/teams]" time="0.104" /><testcase classname="tests.test_refactor_iter10" name="test_crud_endpoint_returns_200[/api/coach-network/benchmarks]" time="0.154" /><testcase classname="tests.test_refactor_iter10" name="test_crud_endpoint_returns_200[/api/coach-pulse/subscription]" time="0.114" /><testcase classname="tests.test_refactor_iter10" name="test_crud_endpoint_returns_200[/api/annotation-templates]" time="0.101" /><testcase classname="tests.test_regression_sweep.TestClipTaggingAndProfile" name="test_patch_clip_player_ids_and_appears_in_profile" time="0.334" /><testcase classname="tests.test_regression_sweep.TestClipTaggingAndProfile" name="test_patch_clip_unknown_id_returns_404" time="0.099" /><testcase classname="tests.test_regression_sweep.TestClipTaggingAndProfile" name="test_profile_requires_auth" time="0.103" /><testcase classname="tests.test_regression_sweep.TestPlayerShare" name="test_player_share_toggle_and_public_sanitized" time="0.300" /><testcase classname="tests.test_regression_sweep.TestPlayerShare" name="test_shared_player_bad_token" time="0.114" /><testcase classname="tests.test_regression_sweep.TestTeamShare" name="test_team_share_toggle_and_public_sanitized" time="0.318" /><testcase classname="tests.test_regression_sweep.TestTeamShare" name="test_shared_team_bad_token" time="0.098" /><testcase classname="tests.test_regression_sweep.TestMultiTeam" name="test_add_player_to_additional_team_other_season_ok" time="0.335" /><testcase classname="tests.test_regression_sweep.TestMultiTeam" name="test_season_cap_enforced_on_add" time="0.917" /><testcase classname="tests.test_regression_sweep.TestMultiTeam" name="test_delete_player_from_team_keeps_record" time="0.806" /><testcase classname="tests.test_regression_sweep.TestMultiTeam" name="test_eligible_players_endpoint_and_at_cap_flag" time="1.167" /><testcase classname="tests.test_regression_sweep.TestPromote" name="test_promote_clones_team_and_appends_team_id_to_roster" time="1.233" /><testcase classname="tests.test_regression_sweep.TestPromote" name="test_promote_same_season_rejected" time="0.319" /><testcase classname="tests.test_regression_sweep.TestClipCollections" name="test_create_list_share_and_delete" time="0.511" /><testcase classname="tests.test_regression_sweep.TestClipCollections" name="test_create_with_unknown_clip_ids_returns_400" time="0.106" /><testcase classname="tests.test_regression_sweep.TestOGEndpoints" name="test_og_player_html_and_image" time="0.877" /><testcase classname="tests.test_regression_sweep.TestOGEndpoints" name="test_og_team_html_and_image" time="0.737" /><testcase classname="tests.test_regression_sweep.TestOGEndpoints" name="test_og_clip_collection_html_and_image" time="0.477" /><testcase classname="tests.test_regression_sweep.TestOGEndpoints" name="test_og_clip_html_and_image" time="0.510" /><testcase classname="tests.test_regression_sweep.TestOGEndpoints" name="test_og_folder_bad_token_404" time="0.124" /><testcase classname="tests.test_regression_sweep.TestOGEndpoints" name="test_og_clip_bad_token_404" time="0.120" /><testcase classname="tests.test_regression_sweep.TestOGEndpoints" name="test_og_team_bad_token_404" time="0.112" /><testcase classname="tests.test_regression_sweep.TestOGEndpoints" name="test_og_clip_collection_bad_token_404" time="0.110" /><testcase classname="tests.test_shared_folders.TestSharedPublic" name="test_get_shared_folder_with_existing_token" time="0.114" /><testcase classname="tests.test_shared_folders.TestSharedPublic" name="test_get_shared_folder_invalid_token" time="0.105" /><testcase classname="tests.test_shared_folders.TestSharedPublic" name="test_get_shared_match_detail" time="0.214" /><testcase classname="tests.test_shared_folders.TestSharedPublic" name="test_get_shared_match_detail_invalid_match" time="0.116" /><testcase classname="tests.test_shared_folders.TestSharedPublic" name="test_get_shared_match_detail_invalid_token" time="0.103" /><testcase classname="tests.test_shared_folders.TestSharedPublic" name="test_shared_video_stream" time="20.039" /><testcase classname="tests.test_shared_folders.TestSharedPublic" name="test_shared_video_invalid_token" time="0.177" /><testcase classname="tests.test_shared_folders.TestShareToggle" name="test_share_private_folder_returns_400" time="0.331" /><testcase classname="tests.test_shared_folders.TestShareToggle" name="test_share_public_folder_generate_then_revoke" time="11.870" /><testcase classname="tests.test_shared_folders.TestShareToggle" name="test_share_nonexistent_folder" time="0.129" /><testcase classname="tests.test_shared_folders.TestShareToggle" name="test_share_requires_auth" time="0.099" /><testcase classname="tests.test_video_routes.TestVideoAccessToken" name="test_access_token_requires_auth" time="0.104" /><testcase classname="tests.test_video_routes.TestVideoAccessToken" name="test_access_token_404_for_unknown_video" time="12.345" /><testcase classname="tests.test_video_routes.TestVideoAccessToken" name="test_access_token_returns_valid_jwt" time="0.129" /><testcase classname="tests.test_video_routes.TestVideoMetadata" name="test_metadata_requires_auth" time="0.107" /><testcase classname="tests.test_video_routes.TestVideoMetadata" name="test_metadata_404_unknown" time="0.120" /><testcase classname="tests.test_video_routes.TestVideoMetadata" name="test_metadata_schema_and_no_large_fields" time="0.106" /><testcase classname="tests.test_video_routes.TestVideoMetadata" name="test_metadata_includes_chunk_integrity_when_chunked" time="0.107" /><testcase classname="tests.test_video_routes.TestVideoProcessingStatus" name="test_processing_status_requires_auth" time="0.125" /><testcase classname="tests.test_video_routes.TestVideoProcessingStatus" name="test_processing_status_404_unknown" time="0.105" /><testcase classname="tests.test_video_routes.TestVideoProcessingStatus" name="test_processing_status_payload_shape" time="0.118" /><testcase classname="tests.test_video_routes.TestVideoProcessingStatus" name="test_processing_status_reflects_completed_analyses" time="0.101" /><testcase classname="tests.test_video_routes.TestNoDuplicateRoute" name="test_no_410_gone" time="0.304" /><testcase classname="tests.test_voice_annotations.TestAuthAndValidation" name="test_post_without_auth_returns_401_or_403" time="0.095" /><testcase classname="tests.test_voice_annotations.TestAuthAndValidation" name="test_nonexistent_video_returns_404" time="0.431" /><testcase classname="tests.test_voice_annotations.TestAuthAndValidation" name="test_cross_user_video_returns_404" time="0.469" /><testcase classname="tests.test_voice_annotations.TestAuthAndValidation" name="test_empty_audio_returns_400" time="0.098" /><testcase classname="tests.test_voice_annotations.TestAuthAndValidation" name="test_oversized_audio_returns_413" time="1.104" /><testcase classname="tests.test_voice_annotations.TestEndToEnd" name="test_real_transcription_and_tactical_classification" time="0.002"><skipped type="pytest.skip" message="/tmp/voice.wav missing">/app/backend/tests/test_voice_annotations.py:134: /tmp/voice.wav missing</skipped></testcase><testcase classname="tests.test_voice_annotations.TestEndToEnd" name="test_voice_annotation_appears_in_get_annotations_with_source_voice" time="0.000"><skipped type="pytest.skip" message="no voice annotation created in previous test">/app/backend/tests/test_voice_annotations.py:174: no voice annotation created in previous test</skipped></testcase><testcase classname="tests.test_voice_annotations.TestErrorPaths" name="test_classify_fallback_on_malformed_json" time="8.800"><skipped type="pytest.skip" message="in-process patch did not propagate to remote server: 502">/app/backend/tests/test_voice_annotations.py:237: in-process patch did not propagate to remote server: 502</skipped></testcase><testcase classname="tests.test_voice_annotations.TestUnitClassifyFallback" name="test_classify_returns_note_zero_on_malformed_json" time="0.001" /><testcase classname="tests.test_voice_annotations.TestUnitClassifyFallback" name="test_classify_returns_note_zero_on_empty_transcript" time="0.000" /><testcase classname="tests.test_voice_annotations.TestMissingKeyPath" name="test_transcribe_raises_503_when_key_missing" time="0.002" /></testsuite></testsuites>