<?xml version="1.0" encoding="utf-8"?><testsuites name="pytest tests"><testsuite name="pytest" errors="0" failures="0" skipped="1" tests="11" time="3.713" timestamp="2026-04-30T12:14:58.874296+00:00" hostname="agent-env-71a126e7-ebd7-4add-81d0-147a3aeb2fff"><testcase classname="tests.test_iter14_new_features.TestClipsList" name="test_list_clips_returns_array" time="0.467" /><testcase classname="tests.test_iter14_new_features.TestClipsList" name="test_list_clips_sorted_recent_first" time="0.121" /><testcase classname="tests.test_iter14_new_features.TestClipsList" name="test_list_clips_match_id_filter" time="0.272" /><testcase classname="tests.test_iter14_new_features.TestClipsList" name="test_list_clips_player_id_filter" time="0.132"><skipped type="pytest.skip" message="no clip has player_ids set">/app/backend/tests/test_iter14_new_features.py:84: no clip has player_ids set</skipped></testcase><testcase classname="tests.test_iter14_new_features.TestClipsList" name="test_list_clips_unauthenticated_401" time="0.116" /><testcase classname="tests.test_iter14_new_features.TestScoutingPacket" name="test_preview_returns_metadata" time="0.362" /><testcase classname="tests.test_iter14_new_features.TestScoutingPacket" name="test_generate_packet_returns_pdf" time="0.546" /><testcase classname="tests.test_iter14_new_features.TestScoutingPacket" name="test_generate_packet_page_counts" time="1.023" /><testcase classname="tests.test_iter14_new_features.TestScoutingPacket" name="test_generate_packet_unknown_player_404" time="0.117" /><testcase classname="tests.test_iter14_new_features.TestScoutingPacket" name="test_generate_packet_non_admin_403" time="0.434" /><testcase classname="tests.test_iter14_new_features.TestIter12MentionE2EUnskipped" name="test_testcoach_has_clips_for_e2e" time="0.104" /></testsuite></testsuites>