<?xml version="1.0" encoding="utf-8"?><testsuites name="pytest tests"><testsuite name="pytest" errors="0" failures="1" skipped="0" tests="95" time="93.751" timestamp="2026-04-30T00:59:20.255795+00:00" hostname="agent-env-71a126e7-ebd7-4add-81d0-147a3aeb2fff"><testcase classname="tests.test_annotation_templates.TestSeedAndList" name="test_first_call_seeds_10_defaults" time="0.665" /><testcase classname="tests.test_annotation_templates.TestSeedAndList" name="test_seed_distribution" time="0.127" /><testcase classname="tests.test_annotation_templates.TestSeedAndList" name="test_filter_by_tactical" time="0.100" /><testcase classname="tests.test_annotation_templates.TestSeedAndList" name="test_filter_invalid_type_returns_400" time="0.127" /><testcase classname="tests.test_annotation_templates.TestSeedAndList" name="test_sort_usage_desc_then_created_asc" time="0.109" /><testcase classname="tests.test_annotation_templates.TestAuth" name="test_get_no_token_returns_401" time="0.117" /><testcase classname="tests.test_annotation_templates.TestAuth" name="test_get_invalid_token_returns_401" time="0.104" /><testcase classname="tests.test_annotation_templates.TestAuth" name="test_post_no_token_returns_401" time="0.107" /><testcase classname="tests.test_annotation_templates.TestAuth" name="test_delete_no_token_returns_401" time="0.104" /><testcase classname="tests.test_annotation_templates.TestAuth" name="test_use_no_token_returns_401" time="0.106" /><testcase classname="tests.test_annotation_templates.TestCreateUseDelete" name="test_create_new_template" time="0.270" /><testcase classname="tests.test_annotation_templates.TestCreateUseDelete" name="test_create_duplicate_returns_existing" time="0.343" /><testcase classname="tests.test_annotation_templates.TestCreateUseDelete" name="test_create_invalid_type_returns_400" time="0.100" /><testcase classname="tests.test_annotation_templates.TestCreateUseDelete" name="test_use_increments_and_floats_to_top" time="0.663" /><testcase classname="tests.test_annotation_templates.TestCreateUseDelete" name="test_delete_removes_template" time="0.498" /><testcase classname="tests.test_annotation_templates.TestCreateUseDelete" name="test_delete_unknown_returns_404" time="0.104" /><testcase classname="tests.test_annotation_templates.TestCreateUseDelete" name="test_use_unknown_returns_404" time="0.112" /><testcase classname="tests.test_annotation_templates.TestIsolation" name="test_user_b_cannot_see_user_a_template" time="0.896" /><testcase classname="tests.test_coach_pulse.TestSubscription" name="test_get_subscription_auto_creates" time="0.104" /><testcase classname="tests.test_coach_pulse.TestSubscription" name="test_get_subscription_requires_auth" time="0.098" /><testcase classname="tests.test_coach_pulse.TestSubscription" name="test_subscribe_sets_active" time="0.208" /><testcase classname="tests.test_coach_pulse.TestSubscription" name="test_unsubscribe_sets_inactive" time="0.225" /><testcase classname="tests.test_coach_pulse.TestSubscription" name="test_subscribe_requires_auth" time="0.103" /><testcase classname="tests.test_coach_pulse.TestSubscription" name="test_unsubscribe_requires_auth" time="0.109" /><testcase classname="tests.test_coach_pulse.TestPreview" name="test_preview_returns_html" time="0.113" /><testcase classname="tests.test_coach_pulse.TestPreview" name="test_preview_requires_auth" time="0.100" /><testcase classname="tests.test_coach_pulse.TestPublicUnsubscribe" name="test_invalid_token_returns_expired_html" time="0.121" /><testcase classname="tests.test_coach_pulse.TestPublicUnsubscribe" name="test_valid_token_unsubscribes" time="0.237" /><testcase classname="tests.test_coach_pulse.TestSendTest" name="test_send_test_requires_auth" time="0.101" /><testcase classname="tests.test_coach_pulse.TestSendTest" name="test_send_test_graceful" time="0.394" /><testcase classname="tests.test_coach_pulse.TestSendWeekly" name="test_send_weekly_requires_auth" time="0.152" /><testcase classname="tests.test_coach_pulse.TestSendWeekly" name="test_send_weekly_admin_gate" time="0.236" /><testcase classname="tests.test_coach_pulse.TestEmailTemplate" name="test_render_network_not_ready" time="0.002" /><testcase classname="tests.test_coach_pulse.TestEmailTemplate" name="test_render_network_ready" time="0.000" /><testcase classname="tests.test_push_notifications.TestVapidKey" name="test_vapid_key_no_auth_required" time="0.108" /><testcase classname="tests.test_push_notifications.TestAuthGating" name="test_requires_auth[post-/api/push/subscribe-body0]" time="0.113" /><testcase classname="tests.test_push_notifications.TestAuthGating" name="test_requires_auth[post-/api/push/unsubscribe-body1]" time="0.110" /><testcase classname="tests.test_push_notifications.TestAuthGating" name="test_requires_auth[get-/api/push/subscriptions-None]" time="0.115" /><testcase classname="tests.test_push_notifications.TestAuthGating" name="test_requires_auth[post-/api/push/send-test-None]" time="0.101" /><testcase classname="tests.test_push_notifications.TestPushCRUD" name="test_subscribe_upsert_idempotent" time="0.362" /><testcase classname="tests.test_push_notifications.TestPushCRUD" name="test_unsubscribe_missing_endpoint_returns_400" time="0.053" /><testcase classname="tests.test_push_notifications.TestPushCRUD" name="test_unsubscribe_unknown_endpoint_deletes_zero" time="0.055" /><testcase classname="tests.test_push_notifications.TestPushCRUD" name="test_subscriptions_count_returns_configured" time="0.064" /><testcase classname="tests.test_push_notifications.TestPushCRUD" name="test_send_test_with_fake_endpoint_does_not_crash" time="0.191" /><testcase classname="tests.test_push_notifications.TestCrossUserIsolation" name="test_unsubscribe_cannot_delete_other_users_sub" time="0.922" /><testcase classname="tests.test_push_notifications.TestServicePruning" name="test_send_to_user_prunes_410_and_increments_removed" time="0.636" /><testcase classname="tests.test_push_notifications.TestServicePruning" name="test_send_to_user_no_subs_returns_zero" time="0.001" /><testcase classname="tests.test_push_notifications.TestHookIntegration" name="test_server_imports_push_router_and_send_to_user" time="0.155" /><testcase classname="tests.test_push_notifications.TestHookIntegration" name="test_shared_clip_route_is_mounted_from_routes_clips" time="0.102"><failure message="AssertionError: BUG: first hit on /api/shared/clip/{token} did NOT set last_view_notify_at. Root cause: routes/clips.py is never imported/mounted in server.py — server.py:2184 has its own duplicate handler `get_shared_clip_detail` that lacks the push hook. The throttled push notification on shared-clip view is dead code.&#10;assert ({'last_view_notify_at': None} and None)&#10; +  where None = &lt;built-in method get of dict object at 0xfab952e606c0&gt;('last_view_notify_at')&#10; +    where &lt;built-in method get of dict object at 0xfab952e606c0&gt; = {'last_view_notify_at': None}.get">tests/test_push_notifications.py:299: in test_shared_clip_route_is_mounted_from_routes_clips
    assert doc and doc.get("last_view_notify_at"), (
E   AssertionError: BUG: first hit on /api/shared/clip/{token} did NOT set last_view_notify_at. Root cause: routes/clips.py is never imported/mounted in server.py — server.py:2184 has its own duplicate handler `get_shared_clip_detail` that lacks the push hook. The throttled push notification on shared-clip view is dead code.
E   assert ({'last_view_notify_at': None} and None)
E    +  where None = &lt;built-in method get of dict object at 0xfab952e606c0&gt;('last_view_notify_at')
E    +    where &lt;built-in method get of dict object at 0xfab952e606c0&gt; = {'last_view_notify_at': None}.get</failure></testcase><testcase classname="tests.test_regression_sweep.TestClipTaggingAndProfile" name="test_patch_clip_player_ids_and_appears_in_profile" time="0.388" /><testcase classname="tests.test_regression_sweep.TestClipTaggingAndProfile" name="test_patch_clip_unknown_id_returns_404" time="0.102" /><testcase classname="tests.test_regression_sweep.TestClipTaggingAndProfile" name="test_profile_requires_auth" time="0.107" /><testcase classname="tests.test_regression_sweep.TestPlayerShare" name="test_player_share_toggle_and_public_sanitized" time="0.317" /><testcase classname="tests.test_regression_sweep.TestPlayerShare" name="test_shared_player_bad_token" time="0.114" /><testcase classname="tests.test_regression_sweep.TestTeamShare" name="test_team_share_toggle_and_public_sanitized" time="0.336" /><testcase classname="tests.test_regression_sweep.TestTeamShare" name="test_shared_team_bad_token" time="0.101" /><testcase classname="tests.test_regression_sweep.TestMultiTeam" name="test_add_player_to_additional_team_other_season_ok" time="0.331" /><testcase classname="tests.test_regression_sweep.TestMultiTeam" name="test_season_cap_enforced_on_add" time="0.988" /><testcase classname="tests.test_regression_sweep.TestMultiTeam" name="test_delete_player_from_team_keeps_record" time="0.924" /><testcase classname="tests.test_regression_sweep.TestMultiTeam" name="test_eligible_players_endpoint_and_at_cap_flag" time="1.280" /><testcase classname="tests.test_regression_sweep.TestPromote" name="test_promote_clones_team_and_appends_team_id_to_roster" time="1.326" /><testcase classname="tests.test_regression_sweep.TestPromote" name="test_promote_same_season_rejected" time="0.330" /><testcase classname="tests.test_regression_sweep.TestClipCollections" name="test_create_list_share_and_delete" time="68.666" /><testcase classname="tests.test_regression_sweep.TestClipCollections" name="test_create_with_unknown_clip_ids_returns_400" time="0.122" /><testcase classname="tests.test_regression_sweep.TestOGEndpoints" name="test_og_player_html_and_image" time="0.819" /><testcase classname="tests.test_regression_sweep.TestOGEndpoints" name="test_og_team_html_and_image" time="0.876" /><testcase classname="tests.test_regression_sweep.TestOGEndpoints" name="test_og_clip_collection_html_and_image" time="0.493" /><testcase classname="tests.test_regression_sweep.TestOGEndpoints" name="test_og_clip_html_and_image" time="0.758" /><testcase classname="tests.test_regression_sweep.TestOGEndpoints" name="test_og_folder_bad_token_404" time="0.109" /><testcase classname="tests.test_regression_sweep.TestOGEndpoints" name="test_og_clip_bad_token_404" time="0.109" /><testcase classname="tests.test_regression_sweep.TestOGEndpoints" name="test_og_team_bad_token_404" time="0.138" /><testcase classname="tests.test_regression_sweep.TestOGEndpoints" name="test_og_clip_collection_bad_token_404" time="0.108" /><testcase classname="tests.test_shared_folders.TestSharedPublic" name="test_get_shared_folder_with_existing_token" time="0.131" /><testcase classname="tests.test_shared_folders.TestSharedPublic" name="test_get_shared_folder_invalid_token" time="0.120" /><testcase classname="tests.test_shared_folders.TestSharedPublic" name="test_get_shared_match_detail" time="0.230" /><testcase classname="tests.test_shared_folders.TestSharedPublic" name="test_get_shared_match_detail_invalid_match" time="0.096" /><testcase classname="tests.test_shared_folders.TestSharedPublic" name="test_get_shared_match_detail_invalid_token" time="0.119" /><testcase classname="tests.test_shared_folders.TestSharedPublic" name="test_shared_video_stream" time="0.900" /><testcase classname="tests.test_shared_folders.TestSharedPublic" name="test_shared_video_invalid_token" time="0.132" /><testcase classname="tests.test_shared_folders.TestShareToggle" name="test_share_private_folder_returns_400" time="0.332" /><testcase classname="tests.test_shared_folders.TestShareToggle" name="test_share_public_folder_generate_then_revoke" time="0.796" /><testcase classname="tests.test_shared_folders.TestShareToggle" name="test_share_nonexistent_folder" time="0.103" /><testcase classname="tests.test_shared_folders.TestShareToggle" name="test_share_requires_auth" time="0.125" /><testcase classname="tests.test_video_routes.TestVideoAccessToken" name="test_access_token_requires_auth" time="0.104" /><testcase classname="tests.test_video_routes.TestVideoAccessToken" name="test_access_token_404_for_unknown_video" time="0.110" /><testcase classname="tests.test_video_routes.TestVideoAccessToken" name="test_access_token_returns_valid_jwt" time="0.103" /><testcase classname="tests.test_video_routes.TestVideoMetadata" name="test_metadata_requires_auth" time="0.108" /><testcase classname="tests.test_video_routes.TestVideoMetadata" name="test_metadata_404_unknown" time="0.111" /><testcase classname="tests.test_video_routes.TestVideoMetadata" name="test_metadata_schema_and_no_large_fields" time="0.114" /><testcase classname="tests.test_video_routes.TestVideoMetadata" name="test_metadata_includes_chunk_integrity_when_chunked" time="0.123" /><testcase classname="tests.test_video_routes.TestVideoProcessingStatus" name="test_processing_status_requires_auth" time="0.141" /><testcase classname="tests.test_video_routes.TestVideoProcessingStatus" name="test_processing_status_404_unknown" time="0.108" /><testcase classname="tests.test_video_routes.TestVideoProcessingStatus" name="test_processing_status_payload_shape" time="0.120" /><testcase classname="tests.test_video_routes.TestVideoProcessingStatus" name="test_processing_status_reflects_completed_analyses" time="0.114" /><testcase classname="tests.test_video_routes.TestNoDuplicateRoute" name="test_no_410_gone" time="0.367" /></testsuite></testsuites>