<?xml version="1.0" encoding="utf-8"?><testsuites name="pytest tests"><testsuite name="pytest" errors="0" failures="0" skipped="0" tests="16" time="2.809" timestamp="2026-04-29T23:10:52.826155+00:00" hostname="agent-env-71a126e7-ebd7-4add-81d0-147a3aeb2fff"><testcase classname="tests.test_coach_pulse.TestSubscription" name="test_get_subscription_auto_creates" time="0.541" /><testcase classname="tests.test_coach_pulse.TestSubscription" name="test_get_subscription_requires_auth" time="0.114" /><testcase classname="tests.test_coach_pulse.TestSubscription" name="test_subscribe_sets_active" time="0.247" /><testcase classname="tests.test_coach_pulse.TestSubscription" name="test_unsubscribe_sets_inactive" time="0.221" /><testcase classname="tests.test_coach_pulse.TestSubscription" name="test_subscribe_requires_auth" time="0.129" /><testcase classname="tests.test_coach_pulse.TestSubscription" name="test_unsubscribe_requires_auth" time="0.110" /><testcase classname="tests.test_coach_pulse.TestPreview" name="test_preview_returns_html" time="0.124" /><testcase classname="tests.test_coach_pulse.TestPreview" name="test_preview_requires_auth" time="0.117" /><testcase classname="tests.test_coach_pulse.TestPublicUnsubscribe" name="test_invalid_token_returns_expired_html" time="0.107" /><testcase classname="tests.test_coach_pulse.TestPublicUnsubscribe" name="test_valid_token_unsubscribes" time="0.248" /><testcase classname="tests.test_coach_pulse.TestSendTest" name="test_send_test_requires_auth" time="0.102" /><testcase classname="tests.test_coach_pulse.TestSendTest" name="test_send_test_graceful" time="0.363" /><testcase classname="tests.test_coach_pulse.TestSendWeekly" name="test_send_weekly_requires_auth" time="0.101" /><testcase classname="tests.test_coach_pulse.TestSendWeekly" name="test_send_weekly_returns_counts" time="0.235" /><testcase classname="tests.test_coach_pulse.TestEmailTemplate" name="test_render_network_not_ready" time="0.003" /><testcase classname="tests.test_coach_pulse.TestEmailTemplate" name="test_render_network_ready" time="0.001" /></testsuite></testsuites>