<?xml version="1.0" encoding="utf-8"?><testsuites name="pytest tests"><testsuite name="pytest" errors="0" failures="0" skipped="0" tests="23" time="13.486" timestamp="2026-04-29T20:02:06.780107+00:00" hostname="agent-env-71a126e7-ebd7-4add-81d0-147a3aeb2fff"><testcase classname="backend.tests.test_regression_sweep.TestClipTaggingAndProfile" name="test_patch_clip_player_ids_and_appears_in_profile" time="0.768" /><testcase classname="backend.tests.test_regression_sweep.TestClipTaggingAndProfile" name="test_patch_clip_unknown_id_returns_404" time="0.148" /><testcase classname="backend.tests.test_regression_sweep.TestClipTaggingAndProfile" name="test_profile_requires_auth" time="0.112" /><testcase classname="backend.tests.test_regression_sweep.TestPlayerShare" name="test_player_share_toggle_and_public_sanitized" time="0.369" /><testcase classname="backend.tests.test_regression_sweep.TestPlayerShare" name="test_shared_player_bad_token" time="0.165" /><testcase classname="backend.tests.test_regression_sweep.TestTeamShare" name="test_team_share_toggle_and_public_sanitized" time="0.354" /><testcase classname="backend.tests.test_regression_sweep.TestTeamShare" name="test_shared_team_bad_token" time="0.102" /><testcase classname="backend.tests.test_regression_sweep.TestMultiTeam" name="test_add_player_to_additional_team_other_season_ok" time="0.389" /><testcase classname="backend.tests.test_regression_sweep.TestMultiTeam" name="test_season_cap_enforced_on_add" time="1.123" /><testcase classname="backend.tests.test_regression_sweep.TestMultiTeam" name="test_delete_player_from_team_keeps_record" time="1.043" /><testcase classname="backend.tests.test_regression_sweep.TestMultiTeam" name="test_eligible_players_endpoint_and_at_cap_flag" time="1.845" /><testcase classname="backend.tests.test_regression_sweep.TestPromote" name="test_promote_clones_team_and_appends_team_id_to_roster" time="2.134" /><testcase classname="backend.tests.test_regression_sweep.TestPromote" name="test_promote_same_season_rejected" time="0.409" /><testcase classname="backend.tests.test_regression_sweep.TestClipCollections" name="test_create_list_share_and_delete" time="0.728" /><testcase classname="backend.tests.test_regression_sweep.TestClipCollections" name="test_create_with_unknown_clip_ids_returns_400" time="0.099" /><testcase classname="backend.tests.test_regression_sweep.TestOGEndpoints" name="test_og_player_html_and_image" time="0.857" /><testcase classname="backend.tests.test_regression_sweep.TestOGEndpoints" name="test_og_team_html_and_image" time="0.973" /><testcase classname="backend.tests.test_regression_sweep.TestOGEndpoints" name="test_og_clip_collection_html_and_image" time="0.583" /><testcase classname="backend.tests.test_regression_sweep.TestOGEndpoints" name="test_og_clip_html_and_image" time="0.581" /><testcase classname="backend.tests.test_regression_sweep.TestOGEndpoints" name="test_og_folder_bad_token_404" time="0.110" /><testcase classname="backend.tests.test_regression_sweep.TestOGEndpoints" name="test_og_clip_bad_token_404" time="0.142" /><testcase classname="backend.tests.test_regression_sweep.TestOGEndpoints" name="test_og_team_bad_token_404" time="0.293" /><testcase classname="backend.tests.test_regression_sweep.TestOGEndpoints" name="test_og_clip_collection_bad_token_404" time="0.132" /></testsuite></testsuites>