<?xml version="1.0" encoding="utf-8"?><testsuites name="pytest tests"><testsuite name="pytest" errors="0" failures="0" skipped="0" tests="11" time="3.464" timestamp="2026-04-28T20:32:28.709658+00:00" hostname="agent-env-71a126e7-ebd7-4add-81d0-147a3aeb2fff"><testcase classname="backend.tests.test_shared_folders.TestSharedPublic" name="test_get_shared_folder_with_existing_token" time="0.186" /><testcase classname="backend.tests.test_shared_folders.TestSharedPublic" name="test_get_shared_folder_invalid_token" time="0.117" /><testcase classname="backend.tests.test_shared_folders.TestSharedPublic" name="test_get_shared_match_detail" time="0.233" /><testcase classname="backend.tests.test_shared_folders.TestSharedPublic" name="test_get_shared_match_detail_invalid_match" time="0.151" /><testcase classname="backend.tests.test_shared_folders.TestSharedPublic" name="test_get_shared_match_detail_invalid_token" time="0.125" /><testcase classname="backend.tests.test_shared_folders.TestSharedPublic" name="test_shared_video_stream" time="0.805" /><testcase classname="backend.tests.test_shared_folders.TestSharedPublic" name="test_shared_video_invalid_token" time="0.120" /><testcase classname="backend.tests.test_shared_folders.TestShareToggle" name="test_share_private_folder_returns_400" time="0.704" /><testcase classname="backend.tests.test_shared_folders.TestShareToggle" name="test_share_public_folder_generate_then_revoke" time="0.743" /><testcase classname="backend.tests.test_shared_folders.TestShareToggle" name="test_share_nonexistent_folder" time="0.127" /><testcase classname="backend.tests.test_shared_folders.TestShareToggle" name="test_share_requires_auth" time="0.118" /></testsuite></testsuites>